<?xml version="1.0" encoding="UTF-8"?>
<robot generator="Robot 7.2.2 (Python 3.13.3 on win32)" generated="2025-07-20T00:13:07.739752" rpa="false" schemaversion="5">
<suite id="s1" name="Ace" source="C:\Users\bomys\OneDrive\Desktop\Prince Of Tennis\Highly-Confidential\tests\ace.robot">
<test id="s1-t1" name="Prince Of Tennis Court Booker" line="13">
<kw name="Login To Page" owner="PrinceOfTennis_keywords">
<kw name="New Browser" owner="Browser">
<msg time="2025-07-20T00:13:07.869923" level="INFO">{"browser": "chromium", "headless": false, "args": ["--force-device-scale-factor=1"], "chromiumSandbox": false, "devtools": false, "handleSIGHUP": true, "handleSIGINT": true, "handleSIGTERM": true, "slowMo": 0.0, "timeout": 30000.0, "tracesDir": "C:\\Users\\bomys\\OneDrive\\Desktop\\Prince Of Tennis\\Highly-Confidential\\tests\\browser\\traces\\temp\\26d72029-db19-44a0-8a0b-e3c974fbe465"}</msg>
<msg time="2025-07-20T00:13:07.882737" level="INFO">Starting Browser process C:\Users\bomys\AppData\Local\Programs\Python\Python313\Lib\site-packages\Browser\wrapper\index.js using at 127.0.0.1:51697</msg>
<msg time="2025-07-20T00:13:08.550688" level="INFO">Successfully created browser with options: {"browser":"chromium","headless":false,"args":["--force-device-scale-factor=1"],"chromiumSandbox":false,"devtools":false,"handleSIGHUP":true,"handleSIGINT":true,"handleSIGTERM":true,"slowMo":0,"timeout":30000,"tracesDir":"C:\\Users\\bomys\\OneDrive\\Desktop\\Prince Of Tennis\\Highly-Confidential\\tests\\browser\\traces\\temp\\26d72029-db19-44a0-8a0b-e3c974fbe465"}</msg>
<arg>chromium</arg>
<arg>headless=False</arg>
<arg>args=["--force-device-scale-factor=1"]</arg>
<tag>BrowserControl</tag>
<tag>Setter</tag>
<doc>Create a new playwright Browser with specified options.</doc>
<status status="PASS" start="2025-07-20T00:13:07.869447" elapsed="0.681350"/>
</kw>
<kw name="New Context" owner="Browser">
<msg time="2025-07-20T00:13:08.552083" level="INFO">{
  "acceptDownloads": true,
  "bypassCSP": false,
  "forcedColors": "none",
  "ignoreHTTPSErrors": false,
  "javaScriptEnabled": true,
  "offline": false,
  "reducedMotion": "no-preference",
  "serviceWorkers": "allow",
  "viewport": {
    "width": 1280,
    "height": 720
  }
}</msg>
<msg time="2025-07-20T00:13:08.563574" level="INFO">Successfully created context. </msg>
<msg time="2025-07-20T00:13:08.563627" level="INFO">{'acceptDownloads': True, 'bypassCSP': False, 'forcedColors': 'none', 'ignoreHTTPSErrors': False, 'javaScriptEnabled': True, 'offline': False, 'reducedMotion': 'no-preference', 'serviceWorkers': 'allow', 'viewport': {'width': 1280, 'height': 720}}</msg>
<tag>BrowserControl</tag>
<tag>Setter</tag>
<doc>Create a new BrowserContext with specified options.</doc>
<status status="PASS" start="2025-07-20T00:13:08.550999" elapsed="0.012682"/>
</kw>
<kw name="New Page" owner="Browser">
<msg time="2025-07-20T00:13:09.136270" level="INFO">Successfully initialized new page object and opened url: https://access.line.me/oauth2/v2.1/login?returnUri=%2Foauth2%2Fv2.1%2Fauthorize%2Fconsent%3Fapp_id%3D1656686073-5LNA3Lo8%26client_id%3D1656686073%26scope%3Dopenid%2520profile%26state%3DxTzIiNPAoTV4%26response_type%3Dcode%26code_challenge_method%3DS256%26code_challenge%3DgC1rk2MU4gxXvkttCGUPHmfrA8rTYBdBzo-3LHJQrG0%26liff_sdk_version%3D2.21.4%26type%3DL%26redirect_uri%3Dhttps%253A%252F%252Fclient.loga.app%252Fcard%252F4486%253FliffId%253D1656686073-5LNA3Lo8%26bot_prompt%3Daggressive&amp;loginChannelId=1656686073&amp;loginState=KLewczeNsuxLQvlAeeEnJu#/</msg>
<arg>${URL}</arg>
<tag>BrowserControl</tag>
<tag>Setter</tag>
<doc>Open a new Page.</doc>
<status status="PASS" start="2025-07-20T00:13:08.563807" elapsed="0.572586"/>
</kw>
<kw name="Set Viewport Size" owner="Browser">
<msg time="2025-07-20T00:13:09.145762" level="INFO">Set viewport size to: [object Object]</msg>
<arg>1920</arg>
<arg>1080</arg>
<tag>BrowserControl</tag>
<tag>Setter</tag>
<doc>Sets current Pages viewport size to specified dimensions.</doc>
<status status="PASS" start="2025-07-20T00:13:09.136512" elapsed="0.009348"/>
</kw>
<kw name="Wait For Elements State" owner="Browser">
<msg time="2025-07-20T00:13:09.163453" level="INFO">Waited for Element with selector //*[@id="app"]/div/div/div/div[2]/div/form/fieldset/div[1]/input at state visible</msg>
<arg>${USERNAME_INPUT_FIELD}</arg>
<arg>visible</arg>
<arg>20s</arg>
<tag>PageContent</tag>
<tag>Wait</tag>
<doc>Waits for the element found by ``selector`` to satisfy state option.</doc>
<status status="PASS" start="2025-07-20T00:13:09.145982" elapsed="0.017571"/>
</kw>
<kw name="Fill Text" owner="Browser">
<msg time="2025-07-20T00:13:09.164049" level="INFO">Fills the text 'bomyszo1@gmail.com' in the given field.</msg>
<arg>${USERNAME_INPUT_FIELD}</arg>
<arg>${USERNAME}</arg>
<tag>PageContent</tag>
<tag>Setter</tag>
<doc>Clears and fills the given ``txt`` into the text field found by ``selector``.</doc>
<status status="PASS" start="2025-07-20T00:13:09.163672" elapsed="0.010685"/>
</kw>
<kw name="Wait For Elements State" owner="Browser">
<msg time="2025-07-20T00:13:09.179155" level="INFO">Waited for Element with selector //*[@id="app"]/div/div/div/div[2]/div/form/fieldset/div[2]/input at state visible</msg>
<arg>${PASSWORD_INPUT_FIELD}</arg>
<arg>visible</arg>
<arg>20s</arg>
<tag>PageContent</tag>
<tag>Wait</tag>
<doc>Waits for the element found by ``selector`` to satisfy state option.</doc>
<status status="PASS" start="2025-07-20T00:13:09.174491" elapsed="0.004761"/>
</kw>
<kw name="Fill Text" owner="Browser">
<msg time="2025-07-20T00:13:09.179733" level="INFO">Fills the text 'nogirl123' in the given field.</msg>
<arg>${PASSWORD_INPUT_FIELD}</arg>
<arg>${PASSWORD}</arg>
<tag>PageContent</tag>
<tag>Setter</tag>
<doc>Clears and fills the given ``txt`` into the text field found by ``selector``.</doc>
<status status="PASS" start="2025-07-20T00:13:09.179367" elapsed="0.008392"/>
</kw>
<kw name="Wait For Elements State" owner="Browser">
<msg time="2025-07-20T00:13:09.192008" level="INFO">Waited for Element with selector //*[@id="app"]/div/div/div/div[2]/div/form/fieldset/div[3]/button at state visible</msg>
<arg>${LOGIN_BUTTON}</arg>
<arg>visible</arg>
<arg>20s</arg>
<tag>PageContent</tag>
<tag>Wait</tag>
<doc>Waits for the element found by ``selector`` to satisfy state option.</doc>
<status status="PASS" start="2025-07-20T00:13:09.187891" elapsed="0.004218"/>
</kw>
<kw name="Click" owner="Browser">
<msg time="2025-07-20T00:13:09.192611" level="INFO">Clicks the element '//*[@id="app"]/div/div/div/div[2]/div/form/fieldset/div[3]/button'.</msg>
<arg>${LOGIN_BUTTON}</arg>
<tag>PageContent</tag>
<tag>Setter</tag>
<doc>Simulates mouse click on the element found by ``selector``.</doc>
<status status="PASS" start="2025-07-20T00:13:09.192234" elapsed="0.025250"/>
</kw>
<kw name="Wait For Elements State" owner="Browser">
<msg time="2025-07-20T00:13:12.243249" level="INFO">Waited for Element with selector //*[@id="app"]/div/div/div/div/div/div[2]/div/div[3]/button at state visible</msg>
<arg>${LOGIN_CONFIRM_BUTTON}</arg>
<arg>visible</arg>
<arg>20s</arg>
<tag>PageContent</tag>
<tag>Wait</tag>
<doc>Waits for the element found by ``selector`` to satisfy state option.</doc>
<status status="PASS" start="2025-07-20T00:13:09.217611" elapsed="3.025743"/>
</kw>
<kw name="Wait For Elements State" owner="Browser">
<msg time="2025-07-20T00:13:12.253422" level="INFO">Waited for Element with selector //*[@id="app"]/div/div/div/div/div/div[2]/div/div[3]/button at state enabled</msg>
<arg>${LOGIN_CONFIRM_BUTTON}</arg>
<arg>enabled</arg>
<arg>20s</arg>
<tag>PageContent</tag>
<tag>Wait</tag>
<doc>Waits for the element found by ``selector`` to satisfy state option.</doc>
<status status="PASS" start="2025-07-20T00:13:12.243472" elapsed="0.010067"/>
</kw>
<kw name="Click" owner="Browser">
<msg time="2025-07-20T00:13:12.254065" level="INFO">Clicks the element '//*[@id="app"]/div/div/div/div/div/div[2]/div/div[3]/button'.</msg>
<arg>${LOGIN_CONFIRM_BUTTON}</arg>
<tag>PageContent</tag>
<tag>Setter</tag>
<doc>Simulates mouse click on the element found by ``selector``.</doc>
<status status="PASS" start="2025-07-20T00:13:12.253677" elapsed="0.554973"/>
</kw>
<kw name="Wait For Elements State" owner="Browser">
<msg time="2025-07-20T00:13:15.763647" level="INFO">Waited for Element with selector //*[@id="app"]/div/div[1]/div[1]/div[2]/div[2]/div[1]/div/div[1]/div/div/div at state visible</msg>
<arg>${BOOKING_MENU}</arg>
<arg>visible</arg>
<arg>20s</arg>
<tag>PageContent</tag>
<tag>Wait</tag>
<doc>Waits for the element found by ``selector`` to satisfy state option.</doc>
<status status="PASS" start="2025-07-20T00:13:12.808973" elapsed="2.954771"/>
</kw>
<kw name="Click" owner="Browser">
<msg time="2025-07-20T00:13:15.764234" level="INFO">Clicks the element '//*[@id="app"]/div/div[1]/div[1]/div[2]/div[2]/div[1]/div/div[1]/div/div/div'.</msg>
<arg>${BOOKING_MENU}</arg>
<tag>PageContent</tag>
<tag>Setter</tag>
<doc>Simulates mouse click on the element found by ``selector``.</doc>
<status status="PASS" start="2025-07-20T00:13:15.763870" elapsed="0.021383"/>
</kw>
<doc>Opens the Prince of Tennis login page.</doc>
<status status="PASS" start="2025-07-20T00:13:07.869072" elapsed="7.916268"/>
</kw>
<kw name="Book Court" owner="PrinceOfTennis_keywords">
<kw name="Log To Console" owner="BuiltIn">
<arg>🎾 Booking court for days: ${day_list}</arg>
<doc>Logs the given message to the console.</doc>
<status status="PASS" start="2025-07-20T00:13:15.786220" elapsed="0.000284"/>
</kw>
<for flavor="IN">
<iter>
<kw name="Evaluate" owner="BuiltIn">
<msg time="2025-07-20T00:13:15.787114" level="INFO">${day_str} = 2</msg>
<var>${day_str}</var>
<arg>str(int(${day}))</arg>
<doc>Evaluates the given expression in Python and returns the result.</doc>
<status status="PASS" start="2025-07-20T00:13:15.786934" elapsed="0.000197"/>
</kw>
<kw name="Log To Console" owner="BuiltIn">
<arg>📆 Trying day: ${day_str}</arg>
<doc>Logs the given message to the console.</doc>
<status status="PASS" start="2025-07-20T00:13:15.787193" elapsed="0.000167"/>
</kw>
<kw name="Click" owner="Browser">
<msg time="2025-07-20T00:13:15.787672" level="INFO">Clicks the element '//*[@id="card-branch"]/div/div/div/div[2]/div/div/div/div[2]/div/div/div'.</msg>
<arg>${TENNIS_RADIO_BUTTON}</arg>
<tag>PageContent</tag>
<tag>Setter</tag>
<doc>Simulates mouse click on the element found by ``selector``.</doc>
<status status="PASS" start="2025-07-20T00:13:15.787427" elapsed="0.212128"/>
</kw>
<kw name="Evaluate" owner="BuiltIn">
<msg time="2025-07-20T00:13:16.001698" level="INFO">${is_daytime} = False</msg>
<var>${is_daytime}</var>
<arg>datetime.datetime.strptime('${DAYTIME_BOOKING_START}', '%H:%M') &lt;= datetime.datetime.strptime('${BOOKING_TIME}', '%H:%M') &lt;= datetime.datetime.strptime('${DAYTIME_BOOKING_END}', '%H:%M')</arg>
<arg>modules=datetime</arg>
<doc>Evaluates the given expression in Python and returns the result.</doc>
<status status="PASS" start="2025-07-20T00:13:15.999683" elapsed="0.002045"/>
</kw>
<kw name="Run Keyword If" owner="BuiltIn">
<kw name="Click" owner="Browser">
<msg time="2025-07-20T00:13:16.002676" level="INFO">Clicks the element '//*[@id="card-activity"]/div/div/div/div[2]/div/div/div/div/div[2]/div/div/div'.</msg>
<arg>${NIGHTTIME_BOOKING_RADIOBTN}</arg>
<tag>PageContent</tag>
<tag>Setter</tag>
<doc>Simulates mouse click on the element found by ``selector``.</doc>
<status status="PASS" start="2025-07-20T00:13:16.002119" elapsed="0.096575"/>
</kw>
<arg>${is_daytime}</arg>
<arg>Browser.Click</arg>
<arg>${DAYTIME_BOOKING_RADIOBTN}</arg>
<arg>ELSE</arg>
<arg>Browser.Click</arg>
<arg>${NIGHTTIME_BOOKING_RADIOBTN}</arg>
<doc>Runs the given keyword with the given arguments, if ``condition`` is true.</doc>
<status status="PASS" start="2025-07-20T00:13:16.001851" elapsed="0.096934"/>
</kw>
<kw name="Sleep" owner="BuiltIn">
<msg time="2025-07-20T00:13:17.099349" level="INFO">Slept 1 second.</msg>
<arg>1s</arg>
<doc>Pauses the test executed for the given time.</doc>
<status status="PASS" start="2025-07-20T00:13:16.098896" elapsed="1.000532"/>
</kw>
<kw name="Set Variable" owner="BuiltIn">
<msg time="2025-07-20T00:13:17.099796" level="INFO">${date_xpath} = //button[not(@disabled) and not(contains(@class,"v-btn--disabled")) and .//div[normalize-space(text())="2"]]</msg>
<var>${date_xpath}</var>
<arg>//button[not(@disabled) and not(contains(@class,"v-btn--disabled")) and .//div[normalize-space(text())="${day_str}"]]</arg>
<doc>Returns the given values which can then be assigned to a variables.</doc>
<status status="PASS" start="2025-07-20T00:13:17.099540" elapsed="0.000274"/>
</kw>
<kw name="Get Element States" owner="Browser">
<msg time="2025-07-20T00:13:17.365069" level="INFO">States are: ['detached']</msg>
<msg time="2025-07-20T00:13:17.365163" level="INFO">${date_states} = ['detached']</msg>
<var>${date_states}</var>
<arg>${date_xpath}</arg>
<tag>Assertion</tag>
<tag>Getter</tag>
<tag>PageContent</tag>
<doc>Get the active states from the element found by ``selector``.</doc>
<status status="PASS" start="2025-07-20T00:13:17.099895" elapsed="0.265283"/>
</kw>
<kw name="Log To Console" owner="BuiltIn">
<arg>✅ States for ${day_str}: ${date_states}</arg>
<doc>Logs the given message to the console.</doc>
<status status="PASS" start="2025-07-20T00:13:17.365292" elapsed="0.000317"/>
</kw>
<if>
<branch type="IF" condition="&quot;visible&quot; in ${date_states}">
<kw name="Click" owner="Browser">
<arg>${date_xpath}</arg>
<tag>PageContent</tag>
<tag>Setter</tag>
<doc>Simulates mouse click on the element found by ``selector``.</doc>
<status status="NOT RUN" start="2025-07-20T00:13:17.365895" elapsed="0.000063"/>
</kw>
<status status="NOT RUN" start="2025-07-20T00:13:17.365686" elapsed="0.000303"/>
</branch>
<branch type="ELSE">
<kw name="Log To Console" owner="BuiltIn">
<arg>⏭ Day ${day_str} is not clickable, skipping</arg>
<doc>Logs the given message to the console.</doc>
<status status="PASS" start="2025-07-20T00:13:17.366113" elapsed="0.000164"/>
</kw>
<continue>
<status status="PASS" start="2025-07-20T00:13:17.366314" elapsed="0.000073"/>
</continue>
<status status="PASS" start="2025-07-20T00:13:17.366017" elapsed="0.000397"/>
</branch>
<status status="PASS" start="2025-07-20T00:13:17.365664" elapsed="0.000769"/>
</if>
<kw name="Click Time Slot If Available" owner="PrinceOfTennis_keywords">
<var>${slot_available}</var>
<arg>${BOOKING_TIME}</arg>
<status status="NOT RUN" start="2025-07-20T00:13:17.366541" elapsed="0.000052"/>
</kw>
<if>
<branch type="IF" condition="not ${slot_available}">
<kw name="Log To Console" owner="BuiltIn">
<arg>⛔ Booking skipped for ${day_str} — no slot available</arg>
<doc>Logs the given message to the console.</doc>
<status status="NOT RUN" start="2025-07-20T00:13:17.366715" elapsed="0.000043"/>
</kw>
<continue>
<status status="NOT RUN" start="2025-07-20T00:13:17.366785" elapsed="0.000046"/>
</continue>
<status status="NOT RUN" start="2025-07-20T00:13:17.366635" elapsed="0.000216"/>
</branch>
<status status="NOT RUN" start="2025-07-20T00:13:17.366627" elapsed="0.000241"/>
</if>
<kw name="Fill Text" owner="Browser">
<arg>css=input[type="tel"]</arg>
<arg>0923894965</arg>
<tag>PageContent</tag>
<tag>Setter</tag>
<doc>Clears and fills the given ``txt`` into the text field found by ``selector``.</doc>
<status status="NOT RUN" start="2025-07-20T00:13:17.366924" elapsed="0.000052"/>
</kw>
<kw name="Run Keyword And Ignore Error" owner="BuiltIn">
<arg>Browser.Click</arg>
<arg>text=ยอมรับ / ACCEPT</arg>
<doc>Runs the given keyword with the given arguments and ignores possible error.</doc>
<status status="NOT RUN" start="2025-07-20T00:13:17.367039" elapsed="0.000046"/>
</kw>
<kw name="Get Element States" owner="Browser">
<var>${btn_states}</var>
<arg>${BOOKING_BUTTON2}</arg>
<tag>Assertion</tag>
<tag>Getter</tag>
<tag>PageContent</tag>
<doc>Get the active states from the element found by ``selector``.</doc>
<status status="NOT RUN" start="2025-07-20T00:13:17.367141" elapsed="0.000041"/>
</kw>
<if>
<branch type="IF" condition="&quot;visible&quot; in ${btn_states}">
<kw name="Click" owner="Browser">
<arg>${BOOKING_BUTTON2}</arg>
<tag>PageContent</tag>
<tag>Setter</tag>
<doc>Simulates mouse click on the element found by ``selector``.</doc>
<status status="NOT RUN" start="2025-07-20T00:13:17.367547" elapsed="0.000062"/>
</kw>
<status status="NOT RUN" start="2025-07-20T00:13:17.367222" elapsed="0.000421"/>
</branch>
<branch type="ELSE">
<kw name="Log To Console" owner="BuiltIn">
<arg>⛔ Booking skipped for ${day_str} — no slot available</arg>
<doc>Logs the given message to the console.</doc>
<status status="NOT RUN" start="2025-07-20T00:13:17.367742" elapsed="0.000041"/>
</kw>
<status status="NOT RUN" start="2025-07-20T00:13:17.367666" elapsed="0.000139"/>
</branch>
<status status="NOT RUN" start="2025-07-20T00:13:17.367214" elapsed="0.000608"/>
</if>
<kw name="Wait For Elements State" owner="Browser">
<arg>${BOOKING_CONFIRMATION}</arg>
<arg>visible</arg>
<arg>timeout=20s</arg>
<tag>PageContent</tag>
<tag>Wait</tag>
<doc>Waits for the element found by ``selector`` to satisfy state option.</doc>
<status status="NOT RUN" start="2025-07-20T00:13:17.367882" elapsed="0.000050"/>
</kw>
<kw name="Click" owner="Browser">
<arg>${BOOKING_CONFIRMATION}</arg>
<tag>PageContent</tag>
<tag>Setter</tag>
<doc>Simulates mouse click on the element found by ``selector``.</doc>
<status status="NOT RUN" start="2025-07-20T00:13:17.368031" elapsed="0.000112"/>
</kw>
<kw name="Wait For Elements State" owner="Browser">
<arg>xpath=//span[normalize-space(text())="Waiting for confirmation"]</arg>
<arg>visible</arg>
<arg>timeout=10s</arg>
<tag>PageContent</tag>
<tag>Wait</tag>
<doc>Waits for the element found by ``selector`` to satisfy state option.</doc>
<status status="NOT RUN" start="2025-07-20T00:13:17.368222" elapsed="0.000057"/>
</kw>
<kw name="Log To Console" owner="BuiltIn">
<arg>🎉 Booking confirmed for ${day_str} at ${BOOKING_TIME}</arg>
<doc>Logs the given message to the console.</doc>
<status status="NOT RUN" start="2025-07-20T00:13:17.368377" elapsed="0.000098"/>
</kw>
<kw name="Wait For Elements State" owner="Browser">
<arg>${BOOKING_BACK_BUTTON}</arg>
<arg>visible</arg>
<arg>timeout=20s</arg>
<tag>PageContent</tag>
<tag>Wait</tag>
<doc>Waits for the element found by ``selector`` to satisfy state option.</doc>
<status status="NOT RUN" start="2025-07-20T00:13:17.368546" elapsed="0.000057"/>
</kw>
<kw name="Click" owner="Browser">
<arg>${BOOKING_BACK_BUTTON}</arg>
<tag>PageContent</tag>
<tag>Setter</tag>
<doc>Simulates mouse click on the element found by ``selector``.</doc>
<status status="NOT RUN" start="2025-07-20T00:13:17.368724" elapsed="0.000087"/>
</kw>
<var name="${day}">2</var>
<status status="PASS" start="2025-07-20T00:13:15.786814" elapsed="1.582030"/>
</iter>
<iter>
<kw name="Evaluate" owner="BuiltIn">
<msg time="2025-07-20T00:13:17.369400" level="INFO">${day_str} = 3</msg>
<var>${day_str}</var>
<arg>str(int(${day}))</arg>
<doc>Evaluates the given expression in Python and returns the result.</doc>
<status status="PASS" start="2025-07-20T00:13:17.369166" elapsed="0.000253"/>
</kw>
<kw name="Log To Console" owner="BuiltIn">
<arg>📆 Trying day: ${day_str}</arg>
<doc>Logs the given message to the console.</doc>
<status status="PASS" start="2025-07-20T00:13:17.369524" elapsed="0.000240"/>
</kw>
<kw name="Click" owner="Browser">
<msg time="2025-07-20T00:13:17.370134" level="INFO">Clicks the element '//*[@id="card-branch"]/div/div/div/div[2]/div/div/div/div[2]/div/div/div'.</msg>
<arg>${TENNIS_RADIO_BUTTON}</arg>
<tag>PageContent</tag>
<tag>Setter</tag>
<doc>Simulates mouse click on the element found by ``selector``.</doc>
<status status="PASS" start="2025-07-20T00:13:17.369845" elapsed="0.014957"/>
</kw>
<kw name="Evaluate" owner="BuiltIn">
<msg time="2025-07-20T00:13:17.385339" level="INFO">${is_daytime} = False</msg>
<var>${is_daytime}</var>
<arg>datetime.datetime.strptime('${DAYTIME_BOOKING_START}', '%H:%M') &lt;= datetime.datetime.strptime('${BOOKING_TIME}', '%H:%M') &lt;= datetime.datetime.strptime('${DAYTIME_BOOKING_END}', '%H:%M')</arg>
<arg>modules=datetime</arg>
<doc>Evaluates the given expression in Python and returns the result.</doc>
<status status="PASS" start="2025-07-20T00:13:17.384939" elapsed="0.000421"/>
</kw>
<kw name="Run Keyword If" owner="BuiltIn">
<kw name="Click" owner="Browser">
<msg time="2025-07-20T00:13:17.386130" level="INFO">Clicks the element '//*[@id="card-activity"]/div/div/div/div[2]/div/div/div/div/div[2]/div/div/div'.</msg>
<arg>${NIGHTTIME_BOOKING_RADIOBTN}</arg>
<tag>PageContent</tag>
<tag>Setter</tag>
<doc>Simulates mouse click on the element found by ``selector``.</doc>
<status status="PASS" start="2025-07-20T00:13:17.385812" elapsed="0.016673"/>
</kw>
<arg>${is_daytime}</arg>
<arg>Browser.Click</arg>
<arg>${DAYTIME_BOOKING_RADIOBTN}</arg>
<arg>ELSE</arg>
<arg>Browser.Click</arg>
<arg>${NIGHTTIME_BOOKING_RADIOBTN}</arg>
<doc>Runs the given keyword with the given arguments, if ``condition`` is true.</doc>
<status status="PASS" start="2025-07-20T00:13:17.385452" elapsed="0.017103"/>
</kw>
<kw name="Sleep" owner="BuiltIn">
<msg time="2025-07-20T00:13:18.403037" level="INFO">Slept 1 second.</msg>
<arg>1s</arg>
<doc>Pauses the test executed for the given time.</doc>
<status status="PASS" start="2025-07-20T00:13:17.402659" elapsed="1.000458"/>
</kw>
<kw name="Set Variable" owner="BuiltIn">
<msg time="2025-07-20T00:13:18.403486" level="INFO">${date_xpath} = //button[not(@disabled) and not(contains(@class,"v-btn--disabled")) and .//div[normalize-space(text())="3"]]</msg>
<var>${date_xpath}</var>
<arg>//button[not(@disabled) and not(contains(@class,"v-btn--disabled")) and .//div[normalize-space(text())="${day_str}"]]</arg>
<doc>Returns the given values which can then be assigned to a variables.</doc>
<status status="PASS" start="2025-07-20T00:13:18.403233" elapsed="0.000271"/>
</kw>
<kw name="Get Element States" owner="Browser">
<msg time="2025-07-20T00:13:18.656966" level="INFO">States are: ['detached']</msg>
<msg time="2025-07-20T00:13:18.657058" level="INFO">${date_states} = ['detached']</msg>
<var>${date_states}</var>
<arg>${date_xpath}</arg>
<tag>Assertion</tag>
<tag>Getter</tag>
<tag>PageContent</tag>
<doc>Get the active states from the element found by ``selector``.</doc>
<status status="PASS" start="2025-07-20T00:13:18.403583" elapsed="0.253489"/>
</kw>
<kw name="Log To Console" owner="BuiltIn">
<arg>✅ States for ${day_str}: ${date_states}</arg>
<doc>Logs the given message to the console.</doc>
<status status="PASS" start="2025-07-20T00:13:18.657175" elapsed="0.000422"/>
</kw>
<if>
<branch type="IF" condition="&quot;visible&quot; in ${date_states}">
<kw name="Click" owner="Browser">
<arg>${date_xpath}</arg>
<tag>PageContent</tag>
<tag>Setter</tag>
<doc>Simulates mouse click on the element found by ``selector``.</doc>
<status status="NOT RUN" start="2025-07-20T00:13:18.657865" elapsed="0.000056"/>
</kw>
<status status="NOT RUN" start="2025-07-20T00:13:18.657665" elapsed="0.000285"/>
</branch>
<branch type="ELSE">
<kw name="Log To Console" owner="BuiltIn">
<arg>⏭ Day ${day_str} is not clickable, skipping</arg>
<doc>Logs the given message to the console.</doc>
<status status="PASS" start="2025-07-20T00:13:18.658057" elapsed="0.000160"/>
</kw>
<continue>
<status status="PASS" start="2025-07-20T00:13:18.658253" elapsed="0.000069"/>
</continue>
<status status="PASS" start="2025-07-20T00:13:18.657973" elapsed="0.000372"/>
</branch>
<status status="PASS" start="2025-07-20T00:13:18.657651" elapsed="0.000712"/>
</if>
<kw name="Click Time Slot If Available" owner="PrinceOfTennis_keywords">
<var>${slot_available}</var>
<arg>${BOOKING_TIME}</arg>
<status status="NOT RUN" start="2025-07-20T00:13:18.658470" elapsed="0.000052"/>
</kw>
<if>
<branch type="IF" condition="not ${slot_available}">
<kw name="Log To Console" owner="BuiltIn">
<arg>⛔ Booking skipped for ${day_str} — no slot available</arg>
<doc>Logs the given message to the console.</doc>
<status status="NOT RUN" start="2025-07-20T00:13:18.658644" elapsed="0.000047"/>
</kw>
<continue>
<status status="NOT RUN" start="2025-07-20T00:13:18.658741" elapsed="0.000043"/>
</continue>
<status status="NOT RUN" start="2025-07-20T00:13:18.658561" elapsed="0.000243"/>
</branch>
<status status="NOT RUN" start="2025-07-20T00:13:18.658553" elapsed="0.000268"/>
</if>
<kw name="Fill Text" owner="Browser">
<arg>css=input[type="tel"]</arg>
<arg>0923894965</arg>
<tag>PageContent</tag>
<tag>Setter</tag>
<doc>Clears and fills the given ``txt`` into the text field found by ``selector``.</doc>
<status status="NOT RUN" start="2025-07-20T00:13:18.658870" elapsed="0.000046"/>
</kw>
<kw name="Run Keyword And Ignore Error" owner="BuiltIn">
<arg>Browser.Click</arg>
<arg>text=ยอมรับ / ACCEPT</arg>
<doc>Runs the given keyword with the given arguments and ignores possible error.</doc>
<status status="NOT RUN" start="2025-07-20T00:13:18.658976" elapsed="0.000042"/>
</kw>
<kw name="Get Element States" owner="Browser">
<var>${btn_states}</var>
<arg>${BOOKING_BUTTON2}</arg>
<tag>Assertion</tag>
<tag>Getter</tag>
<tag>PageContent</tag>
<doc>Get the active states from the element found by ``selector``.</doc>
<status status="NOT RUN" start="2025-07-20T00:13:18.659136" elapsed="0.000096"/>
</kw>
<if>
<branch type="IF" condition="&quot;visible&quot; in ${btn_states}">
<kw name="Click" owner="Browser">
<arg>${BOOKING_BUTTON2}</arg>
<tag>PageContent</tag>
<tag>Setter</tag>
<doc>Simulates mouse click on the element found by ``selector``.</doc>
<status status="NOT RUN" start="2025-07-20T00:13:18.659387" elapsed="0.000051"/>
</kw>
<status status="NOT RUN" start="2025-07-20T00:13:18.659288" elapsed="0.000178"/>
</branch>
<branch type="ELSE">
<kw name="Log To Console" owner="BuiltIn">
<arg>⛔ Booking skipped for ${day_str} — no slot available</arg>
<doc>Logs the given message to the console.</doc>
<status status="NOT RUN" start="2025-07-20T00:13:18.659570" elapsed="0.000044"/>
</kw>
<status status="NOT RUN" start="2025-07-20T00:13:18.659487" elapsed="0.000150"/>
</branch>
<status status="NOT RUN" start="2025-07-20T00:13:18.659277" elapsed="0.000381"/>
</if>
<kw name="Wait For Elements State" owner="Browser">
<arg>${BOOKING_CONFIRMATION}</arg>
<arg>visible</arg>
<arg>timeout=20s</arg>
<tag>PageContent</tag>
<tag>Wait</tag>
<doc>Waits for the element found by ``selector`` to satisfy state option.</doc>
<status status="NOT RUN" start="2025-07-20T00:13:18.659702" elapsed="0.000043"/>
</kw>
<kw name="Click" owner="Browser">
<arg>${BOOKING_CONFIRMATION}</arg>
<tag>PageContent</tag>
<tag>Setter</tag>
<doc>Simulates mouse click on the element found by ``selector``.</doc>
<status status="NOT RUN" start="2025-07-20T00:13:18.659800" elapsed="0.000041"/>
</kw>
<kw name="Wait For Elements State" owner="Browser">
<arg>xpath=//span[normalize-space(text())="Waiting for confirmation"]</arg>
<arg>visible</arg>
<arg>timeout=10s</arg>
<tag>PageContent</tag>
<tag>Wait</tag>
<doc>Waits for the element found by ``selector`` to satisfy state option.</doc>
<status status="NOT RUN" start="2025-07-20T00:13:18.659890" elapsed="0.000039"/>
</kw>
<kw name="Log To Console" owner="BuiltIn">
<arg>🎉 Booking confirmed for ${day_str} at ${BOOKING_TIME}</arg>
<doc>Logs the given message to the console.</doc>
<status status="NOT RUN" start="2025-07-20T00:13:18.659990" elapsed="0.000054"/>
</kw>
<kw name="Wait For Elements State" owner="Browser">
<arg>${BOOKING_BACK_BUTTON}</arg>
<arg>visible</arg>
<arg>timeout=20s</arg>
<tag>PageContent</tag>
<tag>Wait</tag>
<doc>Waits for the element found by ``selector`` to satisfy state option.</doc>
<status status="NOT RUN" start="2025-07-20T00:13:18.660101" elapsed="0.000068"/>
</kw>
<kw name="Click" owner="Browser">
<arg>${BOOKING_BACK_BUTTON}</arg>
<tag>PageContent</tag>
<tag>Setter</tag>
<doc>Simulates mouse click on the element found by ``selector``.</doc>
<status status="NOT RUN" start="2025-07-20T00:13:18.660272" elapsed="0.000057"/>
</kw>
<var name="${day}">3</var>
<status status="PASS" start="2025-07-20T00:13:17.369035" elapsed="1.291319"/>
</iter>
<iter>
<kw name="Evaluate" owner="BuiltIn">
<msg time="2025-07-20T00:13:18.660901" level="INFO">${day_str} = 9</msg>
<var>${day_str}</var>
<arg>str(int(${day}))</arg>
<doc>Evaluates the given expression in Python and returns the result.</doc>
<status status="PASS" start="2025-07-20T00:13:18.660602" elapsed="0.000322"/>
</kw>
<kw name="Log To Console" owner="BuiltIn">
<arg>📆 Trying day: ${day_str}</arg>
<doc>Logs the given message to the console.</doc>
<status status="PASS" start="2025-07-20T00:13:18.660995" elapsed="0.000230"/>
</kw>
<kw name="Click" owner="Browser">
<msg time="2025-07-20T00:13:18.661745" level="INFO">Clicks the element '//*[@id="card-branch"]/div/div/div/div[2]/div/div/div/div[2]/div/div/div'.</msg>
<arg>${TENNIS_RADIO_BUTTON}</arg>
<tag>PageContent</tag>
<tag>Setter</tag>
<doc>Simulates mouse click on the element found by ``selector``.</doc>
<status status="PASS" start="2025-07-20T00:13:18.661322" elapsed="0.009036"/>
</kw>
<kw name="Evaluate" owner="BuiltIn">
<msg time="2025-07-20T00:13:18.670871" level="INFO">${is_daytime} = False</msg>
<var>${is_daytime}</var>
<arg>datetime.datetime.strptime('${DAYTIME_BOOKING_START}', '%H:%M') &lt;= datetime.datetime.strptime('${BOOKING_TIME}', '%H:%M') &lt;= datetime.datetime.strptime('${DAYTIME_BOOKING_END}', '%H:%M')</arg>
<arg>modules=datetime</arg>
<doc>Evaluates the given expression in Python and returns the result.</doc>
<status status="PASS" start="2025-07-20T00:13:18.670482" elapsed="0.000408"/>
</kw>
<kw name="Run Keyword If" owner="BuiltIn">
<kw name="Click" owner="Browser">
<msg time="2025-07-20T00:13:18.671378" level="INFO">Clicks the element '//*[@id="card-activity"]/div/div/div/div[2]/div/div/div/div/div[2]/div/div/div'.</msg>
<arg>${NIGHTTIME_BOOKING_RADIOBTN}</arg>
<tag>PageContent</tag>
<tag>Setter</tag>
<doc>Simulates mouse click on the element found by ``selector``.</doc>
<status status="PASS" start="2025-07-20T00:13:18.671137" elapsed="0.019967"/>
</kw>
<arg>${is_daytime}</arg>
<arg>Browser.Click</arg>
<arg>${DAYTIME_BOOKING_RADIOBTN}</arg>
<arg>ELSE</arg>
<arg>Browser.Click</arg>
<arg>${NIGHTTIME_BOOKING_RADIOBTN}</arg>
<doc>Runs the given keyword with the given arguments, if ``condition`` is true.</doc>
<status status="PASS" start="2025-07-20T00:13:18.670968" elapsed="0.020209"/>
</kw>
<kw name="Sleep" owner="BuiltIn">
<msg time="2025-07-20T00:13:19.691787" level="INFO">Slept 1 second.</msg>
<arg>1s</arg>
<doc>Pauses the test executed for the given time.</doc>
<status status="PASS" start="2025-07-20T00:13:18.691275" elapsed="1.000588"/>
</kw>
<kw name="Set Variable" owner="BuiltIn">
<msg time="2025-07-20T00:13:19.692297" level="INFO">${date_xpath} = //button[not(@disabled) and not(contains(@class,"v-btn--disabled")) and .//div[normalize-space(text())="9"]]</msg>
<var>${date_xpath}</var>
<arg>//button[not(@disabled) and not(contains(@class,"v-btn--disabled")) and .//div[normalize-space(text())="${day_str}"]]</arg>
<doc>Returns the given values which can then be assigned to a variables.</doc>
<status status="PASS" start="2025-07-20T00:13:19.692026" elapsed="0.000288"/>
</kw>
<kw name="Get Element States" owner="Browser">
<msg time="2025-07-20T00:13:19.958102" level="INFO">States are: ['detached']</msg>
<msg time="2025-07-20T00:13:19.958200" level="INFO">${date_states} = ['detached']</msg>
<var>${date_states}</var>
<arg>${date_xpath}</arg>
<tag>Assertion</tag>
<tag>Getter</tag>
<tag>PageContent</tag>
<doc>Get the active states from the element found by ``selector``.</doc>
<status status="PASS" start="2025-07-20T00:13:19.692534" elapsed="0.265681"/>
</kw>
<kw name="Log To Console" owner="BuiltIn">
<arg>✅ States for ${day_str}: ${date_states}</arg>
<doc>Logs the given message to the console.</doc>
<status status="PASS" start="2025-07-20T00:13:19.958336" elapsed="0.000309"/>
</kw>
<if>
<branch type="IF" condition="&quot;visible&quot; in ${date_states}">
<kw name="Click" owner="Browser">
<arg>${date_xpath}</arg>
<tag>PageContent</tag>
<tag>Setter</tag>
<doc>Simulates mouse click on the element found by ``selector``.</doc>
<status status="NOT RUN" start="2025-07-20T00:13:19.959074" elapsed="0.000108"/>
</kw>
<status status="NOT RUN" start="2025-07-20T00:13:19.958712" elapsed="0.000565"/>
</branch>
<branch type="ELSE">
<kw name="Log To Console" owner="BuiltIn">
<arg>⏭ Day ${day_str} is not clickable, skipping</arg>
<doc>Logs the given message to the console.</doc>
<status status="PASS" start="2025-07-20T00:13:19.959421" elapsed="0.000353"/>
</kw>
<continue>
<status status="PASS" start="2025-07-20T00:13:19.959828" elapsed="0.000089"/>
</continue>
<status status="PASS" start="2025-07-20T00:13:19.959308" elapsed="0.000635"/>
</branch>
<status status="PASS" start="2025-07-20T00:13:19.958697" elapsed="0.001266"/>
</if>
<kw name="Click Time Slot If Available" owner="PrinceOfTennis_keywords">
<var>${slot_available}</var>
<arg>${BOOKING_TIME}</arg>
<status status="NOT RUN" start="2025-07-20T00:13:19.960081" elapsed="0.000064"/>
</kw>
<if>
<branch type="IF" condition="not ${slot_available}">
<kw name="Log To Console" owner="BuiltIn">
<arg>⛔ Booking skipped for ${day_str} — no slot available</arg>
<doc>Logs the given message to the console.</doc>
<status status="NOT RUN" start="2025-07-20T00:13:19.960282" elapsed="0.000048"/>
</kw>
<continue>
<status status="NOT RUN" start="2025-07-20T00:13:19.960360" elapsed="0.000040"/>
</continue>
<status status="NOT RUN" start="2025-07-20T00:13:19.960191" elapsed="0.000228"/>
</branch>
<status status="NOT RUN" start="2025-07-20T00:13:19.960181" elapsed="0.000254"/>
</if>
<kw name="Fill Text" owner="Browser">
<arg>css=input[type="tel"]</arg>
<arg>0923894965</arg>
<tag>PageContent</tag>
<tag>Setter</tag>
<doc>Clears and fills the given ``txt`` into the text field found by ``selector``.</doc>
<status status="NOT RUN" start="2025-07-20T00:13:19.960483" elapsed="0.000045"/>
</kw>
<kw name="Run Keyword And Ignore Error" owner="BuiltIn">
<arg>Browser.Click</arg>
<arg>text=ยอมรับ / ACCEPT</arg>
<doc>Runs the given keyword with the given arguments and ignores possible error.</doc>
<status status="NOT RUN" start="2025-07-20T00:13:19.960598" elapsed="0.000046"/>
</kw>
<kw name="Get Element States" owner="Browser">
<var>${btn_states}</var>
<arg>${BOOKING_BUTTON2}</arg>
<tag>Assertion</tag>
<tag>Getter</tag>
<tag>PageContent</tag>
<doc>Get the active states from the element found by ``selector``.</doc>
<status status="NOT RUN" start="2025-07-20T00:13:19.960706" elapsed="0.000046"/>
</kw>
<if>
<branch type="IF" condition="&quot;visible&quot; in ${btn_states}">
<kw name="Click" owner="Browser">
<arg>${BOOKING_BUTTON2}</arg>
<tag>PageContent</tag>
<tag>Setter</tag>
<doc>Simulates mouse click on the element found by ``selector``.</doc>
<status status="NOT RUN" start="2025-07-20T00:13:19.960873" elapsed="0.000046"/>
</kw>
<status status="NOT RUN" start="2025-07-20T00:13:19.960795" elapsed="0.000149"/>
</branch>
<branch type="ELSE">
<kw name="Log To Console" owner="BuiltIn">
<arg>⛔ Booking skipped for ${day_str} — no slot available</arg>
<doc>Logs the given message to the console.</doc>
<status status="NOT RUN" start="2025-07-20T00:13:19.961058" elapsed="0.000047"/>
</kw>
<status status="NOT RUN" start="2025-07-20T00:13:19.960971" elapsed="0.000157"/>
</branch>
<status status="NOT RUN" start="2025-07-20T00:13:19.960787" elapsed="0.000357"/>
</if>
<kw name="Wait For Elements State" owner="Browser">
<arg>${BOOKING_CONFIRMATION}</arg>
<arg>visible</arg>
<arg>timeout=20s</arg>
<tag>PageContent</tag>
<tag>Wait</tag>
<doc>Waits for the element found by ``selector`` to satisfy state option.</doc>
<status status="NOT RUN" start="2025-07-20T00:13:19.961188" elapsed="0.000045"/>
</kw>
<kw name="Click" owner="Browser">
<arg>${BOOKING_CONFIRMATION}</arg>
<tag>PageContent</tag>
<tag>Setter</tag>
<doc>Simulates mouse click on the element found by ``selector``.</doc>
<status status="NOT RUN" start="2025-07-20T00:13:19.961285" elapsed="0.000044"/>
</kw>
<kw name="Wait For Elements State" owner="Browser">
<arg>xpath=//span[normalize-space(text())="Waiting for confirmation"]</arg>
<arg>visible</arg>
<arg>timeout=10s</arg>
<tag>PageContent</tag>
<tag>Wait</tag>
<doc>Waits for the element found by ``selector`` to satisfy state option.</doc>
<status status="NOT RUN" start="2025-07-20T00:13:19.961379" elapsed="0.000055"/>
</kw>
<kw name="Log To Console" owner="BuiltIn">
<arg>🎉 Booking confirmed for ${day_str} at ${BOOKING_TIME}</arg>
<doc>Logs the given message to the console.</doc>
<status status="NOT RUN" start="2025-07-20T00:13:19.961487" elapsed="0.000043"/>
</kw>
<kw name="Wait For Elements State" owner="Browser">
<arg>${BOOKING_BACK_BUTTON}</arg>
<arg>visible</arg>
<arg>timeout=20s</arg>
<tag>PageContent</tag>
<tag>Wait</tag>
<doc>Waits for the element found by ``selector`` to satisfy state option.</doc>
<status status="NOT RUN" start="2025-07-20T00:13:19.961652" elapsed="0.000095"/>
</kw>
<kw name="Click" owner="Browser">
<arg>${BOOKING_BACK_BUTTON}</arg>
<tag>PageContent</tag>
<tag>Setter</tag>
<doc>Simulates mouse click on the element found by ``selector``.</doc>
<status status="NOT RUN" start="2025-07-20T00:13:19.961820" elapsed="0.000054"/>
</kw>
<var name="${day}">9</var>
<status status="PASS" start="2025-07-20T00:13:18.660511" elapsed="1.301393"/>
</iter>
<iter>
<kw name="Evaluate" owner="BuiltIn">
<msg time="2025-07-20T00:13:19.962355" level="INFO">${day_str} = 10</msg>
<var>${day_str}</var>
<arg>str(int(${day}))</arg>
<doc>Evaluates the given expression in Python and returns the result.</doc>
<status status="PASS" start="2025-07-20T00:13:19.962166" elapsed="0.000215"/>
</kw>
<kw name="Log To Console" owner="BuiltIn">
<arg>📆 Trying day: ${day_str}</arg>
<doc>Logs the given message to the console.</doc>
<status status="PASS" start="2025-07-20T00:13:19.962460" elapsed="0.000205"/>
</kw>
<kw name="Click" owner="Browser">
<msg time="2025-07-20T00:13:19.962997" level="INFO">Clicks the element '//*[@id="card-branch"]/div/div/div/div[2]/div/div/div/div[2]/div/div/div'.</msg>
<arg>${TENNIS_RADIO_BUTTON}</arg>
<tag>PageContent</tag>
<tag>Setter</tag>
<doc>Simulates mouse click on the element found by ``selector``.</doc>
<status status="PASS" start="2025-07-20T00:13:19.962731" elapsed="0.014287"/>
</kw>
<kw name="Evaluate" owner="BuiltIn">
<msg time="2025-07-20T00:13:19.977591" level="INFO">${is_daytime} = False</msg>
<var>${is_daytime}</var>
<arg>datetime.datetime.strptime('${DAYTIME_BOOKING_START}', '%H:%M') &lt;= datetime.datetime.strptime('${BOOKING_TIME}', '%H:%M') &lt;= datetime.datetime.strptime('${DAYTIME_BOOKING_END}', '%H:%M')</arg>
<arg>modules=datetime</arg>
<doc>Evaluates the given expression in Python and returns the result.</doc>
<status status="PASS" start="2025-07-20T00:13:19.977162" elapsed="0.000450"/>
</kw>
<kw name="Run Keyword If" owner="BuiltIn">
<kw name="Click" owner="Browser">
<msg time="2025-07-20T00:13:19.978183" level="INFO">Clicks the element '//*[@id="card-activity"]/div/div/div/div[2]/div/div/div/div/div[2]/div/div/div'.</msg>
<arg>${NIGHTTIME_BOOKING_RADIOBTN}</arg>
<tag>PageContent</tag>
<tag>Setter</tag>
<doc>Simulates mouse click on the element found by ``selector``.</doc>
<status status="PASS" start="2025-07-20T00:13:19.977886" elapsed="0.017327"/>
</kw>
<arg>${is_daytime}</arg>
<arg>Browser.Click</arg>
<arg>${DAYTIME_BOOKING_RADIOBTN}</arg>
<arg>ELSE</arg>
<arg>Browser.Click</arg>
<arg>${NIGHTTIME_BOOKING_RADIOBTN}</arg>
<doc>Runs the given keyword with the given arguments, if ``condition`` is true.</doc>
<status status="PASS" start="2025-07-20T00:13:19.977704" elapsed="0.017575"/>
</kw>
<kw name="Sleep" owner="BuiltIn">
<msg time="2025-07-20T00:13:20.996228" level="INFO">Slept 1 second.</msg>
<arg>1s</arg>
<doc>Pauses the test executed for the given time.</doc>
<status status="PASS" start="2025-07-20T00:13:19.995402" elapsed="1.000898"/>
</kw>
<kw name="Set Variable" owner="BuiltIn">
<msg time="2025-07-20T00:13:20.996670" level="INFO">${date_xpath} = //button[not(@disabled) and not(contains(@class,"v-btn--disabled")) and .//div[normalize-space(text())="10"]]</msg>
<var>${date_xpath}</var>
<arg>//button[not(@disabled) and not(contains(@class,"v-btn--disabled")) and .//div[normalize-space(text())="${day_str}"]]</arg>
<doc>Returns the given values which can then be assigned to a variables.</doc>
<status status="PASS" start="2025-07-20T00:13:20.996409" elapsed="0.000313"/>
</kw>
<kw name="Get Element States" owner="Browser">
<msg time="2025-07-20T00:13:21.262723" level="INFO">States are: ['detached']</msg>
<msg time="2025-07-20T00:13:21.262815" level="INFO">${date_states} = ['detached']</msg>
<var>${date_states}</var>
<arg>${date_xpath}</arg>
<tag>Assertion</tag>
<tag>Getter</tag>
<tag>PageContent</tag>
<doc>Get the active states from the element found by ``selector``.</doc>
<status status="PASS" start="2025-07-20T00:13:20.996800" elapsed="0.266031"/>
</kw>
<kw name="Log To Console" owner="BuiltIn">
<arg>✅ States for ${day_str}: ${date_states}</arg>
<doc>Logs the given message to the console.</doc>
<status status="PASS" start="2025-07-20T00:13:21.262945" elapsed="0.000337"/>
</kw>
<if>
<branch type="IF" condition="&quot;visible&quot; in ${date_states}">
<kw name="Click" owner="Browser">
<arg>${date_xpath}</arg>
<tag>PageContent</tag>
<tag>Setter</tag>
<doc>Simulates mouse click on the element found by ``selector``.</doc>
<status status="NOT RUN" start="2025-07-20T00:13:21.263595" elapsed="0.000060"/>
</kw>
<status status="NOT RUN" start="2025-07-20T00:13:21.263368" elapsed="0.000317"/>
</branch>
<branch type="ELSE">
<kw name="Log To Console" owner="BuiltIn">
<arg>⏭ Day ${day_str} is not clickable, skipping</arg>
<doc>Logs the given message to the console.</doc>
<status status="PASS" start="2025-07-20T00:13:21.263797" elapsed="0.000241"/>
</kw>
<continue>
<status status="PASS" start="2025-07-20T00:13:21.264090" elapsed="0.000090"/>
</continue>
<status status="PASS" start="2025-07-20T00:13:21.263708" elapsed="0.000497"/>
</branch>
<status status="PASS" start="2025-07-20T00:13:21.263351" elapsed="0.000874"/>
</if>
<kw name="Click Time Slot If Available" owner="PrinceOfTennis_keywords">
<var>${slot_available}</var>
<arg>${BOOKING_TIME}</arg>
<status status="NOT RUN" start="2025-07-20T00:13:21.264341" elapsed="0.000062"/>
</kw>
<if>
<branch type="IF" condition="not ${slot_available}">
<kw name="Log To Console" owner="BuiltIn">
<arg>⛔ Booking skipped for ${day_str} — no slot available</arg>
<doc>Logs the given message to the console.</doc>
<status status="NOT RUN" start="2025-07-20T00:13:21.264601" elapsed="0.000066"/>
</kw>
<continue>
<status status="NOT RUN" start="2025-07-20T00:13:21.264703" elapsed="0.000047"/>
</continue>
<status status="NOT RUN" start="2025-07-20T00:13:21.264444" elapsed="0.000327"/>
</branch>
<status status="NOT RUN" start="2025-07-20T00:13:21.264436" elapsed="0.000355"/>
</if>
<kw name="Fill Text" owner="Browser">
<arg>css=input[type="tel"]</arg>
<arg>0923894965</arg>
<tag>PageContent</tag>
<tag>Setter</tag>
<doc>Clears and fills the given ``txt`` into the text field found by ``selector``.</doc>
<status status="NOT RUN" start="2025-07-20T00:13:21.264843" elapsed="0.000049"/>
</kw>
<kw name="Run Keyword And Ignore Error" owner="BuiltIn">
<arg>Browser.Click</arg>
<arg>text=ยอมรับ / ACCEPT</arg>
<doc>Runs the given keyword with the given arguments and ignores possible error.</doc>
<status status="NOT RUN" start="2025-07-20T00:13:21.264955" elapsed="0.000045"/>
</kw>
<kw name="Get Element States" owner="Browser">
<var>${btn_states}</var>
<arg>${BOOKING_BUTTON2}</arg>
<tag>Assertion</tag>
<tag>Getter</tag>
<tag>PageContent</tag>
<doc>Get the active states from the element found by ``selector``.</doc>
<status status="NOT RUN" start="2025-07-20T00:13:21.265057" elapsed="0.000043"/>
</kw>
<if>
<branch type="IF" condition="&quot;visible&quot; in ${btn_states}">
<kw name="Click" owner="Browser">
<arg>${BOOKING_BUTTON2}</arg>
<tag>PageContent</tag>
<tag>Setter</tag>
<doc>Simulates mouse click on the element found by ``selector``.</doc>
<status status="NOT RUN" start="2025-07-20T00:13:21.265233" elapsed="0.000049"/>
</kw>
<status status="NOT RUN" start="2025-07-20T00:13:21.265146" elapsed="0.000164"/>
</branch>
<branch type="ELSE">
<kw name="Log To Console" owner="BuiltIn">
<arg>⛔ Booking skipped for ${day_str} — no slot available</arg>
<doc>Logs the given message to the console.</doc>
<status status="NOT RUN" start="2025-07-20T00:13:21.265405" elapsed="0.000043"/>
</kw>
<status status="NOT RUN" start="2025-07-20T00:13:21.265329" elapsed="0.000142"/>
</branch>
<status status="NOT RUN" start="2025-07-20T00:13:21.265137" elapsed="0.000350"/>
</if>
<kw name="Wait For Elements State" owner="Browser">
<arg>${BOOKING_CONFIRMATION}</arg>
<arg>visible</arg>
<arg>timeout=20s</arg>
<tag>PageContent</tag>
<tag>Wait</tag>
<doc>Waits for the element found by ``selector`` to satisfy state option.</doc>
<status status="NOT RUN" start="2025-07-20T00:13:21.265529" elapsed="0.000045"/>
</kw>
<kw name="Click" owner="Browser">
<arg>${BOOKING_CONFIRMATION}</arg>
<tag>PageContent</tag>
<tag>Setter</tag>
<doc>Simulates mouse click on the element found by ``selector``.</doc>
<status status="NOT RUN" start="2025-07-20T00:13:21.265627" elapsed="0.000042"/>
</kw>
<kw name="Wait For Elements State" owner="Browser">
<arg>xpath=//span[normalize-space(text())="Waiting for confirmation"]</arg>
<arg>visible</arg>
<arg>timeout=10s</arg>
<tag>PageContent</tag>
<tag>Wait</tag>
<doc>Waits for the element found by ``selector`` to satisfy state option.</doc>
<status status="NOT RUN" start="2025-07-20T00:13:21.265754" elapsed="0.000092"/>
</kw>
<kw name="Log To Console" owner="BuiltIn">
<arg>🎉 Booking confirmed for ${day_str} at ${BOOKING_TIME}</arg>
<doc>Logs the given message to the console.</doc>
<status status="NOT RUN" start="2025-07-20T00:13:21.265920" elapsed="0.000055"/>
</kw>
<kw name="Wait For Elements State" owner="Browser">
<arg>${BOOKING_BACK_BUTTON}</arg>
<arg>visible</arg>
<arg>timeout=20s</arg>
<tag>PageContent</tag>
<tag>Wait</tag>
<doc>Waits for the element found by ``selector`` to satisfy state option.</doc>
<status status="NOT RUN" start="2025-07-20T00:13:21.266032" elapsed="0.000047"/>
</kw>
<kw name="Click" owner="Browser">
<arg>${BOOKING_BACK_BUTTON}</arg>
<tag>PageContent</tag>
<tag>Setter</tag>
<doc>Simulates mouse click on the element found by ``selector``.</doc>
<status status="NOT RUN" start="2025-07-20T00:13:21.266133" elapsed="0.000042"/>
</kw>
<var name="${day}">10</var>
<status status="PASS" start="2025-07-20T00:13:19.962068" elapsed="1.304132"/>
</iter>
<iter>
<kw name="Evaluate" owner="BuiltIn">
<msg time="2025-07-20T00:13:21.266623" level="INFO">${day_str} = 11</msg>
<var>${day_str}</var>
<arg>str(int(${day}))</arg>
<doc>Evaluates the given expression in Python and returns the result.</doc>
<status status="PASS" start="2025-07-20T00:13:21.266452" elapsed="0.000186"/>
</kw>
<kw name="Log To Console" owner="BuiltIn">
<arg>📆 Trying day: ${day_str}</arg>
<doc>Logs the given message to the console.</doc>
<status status="PASS" start="2025-07-20T00:13:21.266703" elapsed="0.000189"/>
</kw>
<kw name="Click" owner="Browser">
<msg time="2025-07-20T00:13:21.267214" level="INFO">Clicks the element '//*[@id="card-branch"]/div/div/div/div[2]/div/div/div/div[2]/div/div/div'.</msg>
<arg>${TENNIS_RADIO_BUTTON}</arg>
<tag>PageContent</tag>
<tag>Setter</tag>
<doc>Simulates mouse click on the element found by ``selector``.</doc>
<status status="PASS" start="2025-07-20T00:13:21.266951" elapsed="0.014597"/>
</kw>
<kw name="Evaluate" owner="BuiltIn">
<msg time="2025-07-20T00:13:21.282120" level="INFO">${is_daytime} = False</msg>
<var>${is_daytime}</var>
<arg>datetime.datetime.strptime('${DAYTIME_BOOKING_START}', '%H:%M') &lt;= datetime.datetime.strptime('${BOOKING_TIME}', '%H:%M') &lt;= datetime.datetime.strptime('${DAYTIME_BOOKING_END}', '%H:%M')</arg>
<arg>modules=datetime</arg>
<doc>Evaluates the given expression in Python and returns the result.</doc>
<status status="PASS" start="2025-07-20T00:13:21.281700" elapsed="0.000442"/>
</kw>
<kw name="Run Keyword If" owner="BuiltIn">
<kw name="Click" owner="Browser">
<msg time="2025-07-20T00:13:21.282817" level="INFO">Clicks the element '//*[@id="card-activity"]/div/div/div/div[2]/div/div/div/div/div[2]/div/div/div'.</msg>
<arg>${NIGHTTIME_BOOKING_RADIOBTN}</arg>
<tag>PageContent</tag>
<tag>Setter</tag>
<doc>Simulates mouse click on the element found by ``selector``.</doc>
<status status="PASS" start="2025-07-20T00:13:21.282508" elapsed="0.016688"/>
</kw>
<arg>${is_daytime}</arg>
<arg>Browser.Click</arg>
<arg>${DAYTIME_BOOKING_RADIOBTN}</arg>
<arg>ELSE</arg>
<arg>Browser.Click</arg>
<arg>${NIGHTTIME_BOOKING_RADIOBTN}</arg>
<doc>Runs the given keyword with the given arguments, if ``condition`` is true.</doc>
<status status="PASS" start="2025-07-20T00:13:21.282300" elapsed="0.016965"/>
</kw>
<kw name="Sleep" owner="BuiltIn">
<msg time="2025-07-20T00:13:22.299964" level="INFO">Slept 1 second.</msg>
<arg>1s</arg>
<doc>Pauses the test executed for the given time.</doc>
<status status="PASS" start="2025-07-20T00:13:21.299358" elapsed="1.000677"/>
</kw>
<kw name="Set Variable" owner="BuiltIn">
<msg time="2025-07-20T00:13:22.300407" level="INFO">${date_xpath} = //button[not(@disabled) and not(contains(@class,"v-btn--disabled")) and .//div[normalize-space(text())="11"]]</msg>
<var>${date_xpath}</var>
<arg>//button[not(@disabled) and not(contains(@class,"v-btn--disabled")) and .//div[normalize-space(text())="${day_str}"]]</arg>
<doc>Returns the given values which can then be assigned to a variables.</doc>
<status status="PASS" start="2025-07-20T00:13:22.300151" elapsed="0.000272"/>
</kw>
<kw name="Get Element States" owner="Browser">
<msg time="2025-07-20T00:13:22.566548" level="INFO">States are: ['detached']</msg>
<msg time="2025-07-20T00:13:22.566643" level="INFO">${date_states} = ['detached']</msg>
<var>${date_states}</var>
<arg>${date_xpath}</arg>
<tag>Assertion</tag>
<tag>Getter</tag>
<tag>PageContent</tag>
<doc>Get the active states from the element found by ``selector``.</doc>
<status status="PASS" start="2025-07-20T00:13:22.300501" elapsed="0.266158"/>
</kw>
<kw name="Log To Console" owner="BuiltIn">
<arg>✅ States for ${day_str}: ${date_states}</arg>
<doc>Logs the given message to the console.</doc>
<status status="PASS" start="2025-07-20T00:13:22.566767" elapsed="0.000334"/>
</kw>
<if>
<branch type="IF" condition="&quot;visible&quot; in ${date_states}">
<kw name="Click" owner="Browser">
<arg>${date_xpath}</arg>
<tag>PageContent</tag>
<tag>Setter</tag>
<doc>Simulates mouse click on the element found by ``selector``.</doc>
<status status="NOT RUN" start="2025-07-20T00:13:22.567365" elapsed="0.000058"/>
</kw>
<status status="NOT RUN" start="2025-07-20T00:13:22.567172" elapsed="0.000279"/>
</branch>
<branch type="ELSE">
<kw name="Log To Console" owner="BuiltIn">
<arg>⏭ Day ${day_str} is not clickable, skipping</arg>
<doc>Logs the given message to the console.</doc>
<status status="PASS" start="2025-07-20T00:13:22.567557" elapsed="0.000164"/>
</kw>
<continue>
<status status="PASS" start="2025-07-20T00:13:22.567756" elapsed="0.000062"/>
</continue>
<status status="PASS" start="2025-07-20T00:13:22.567474" elapsed="0.000366"/>
</branch>
<status status="PASS" start="2025-07-20T00:13:22.567156" elapsed="0.000702"/>
</if>
<kw name="Click Time Slot If Available" owner="PrinceOfTennis_keywords">
<var>${slot_available}</var>
<arg>${BOOKING_TIME}</arg>
<status status="NOT RUN" start="2025-07-20T00:13:22.567963" elapsed="0.000057"/>
</kw>
<if>
<branch type="IF" condition="not ${slot_available}">
<kw name="Log To Console" owner="BuiltIn">
<arg>⛔ Booking skipped for ${day_str} — no slot available</arg>
<doc>Logs the given message to the console.</doc>
<status status="NOT RUN" start="2025-07-20T00:13:22.568164" elapsed="0.000047"/>
</kw>
<continue>
<status status="NOT RUN" start="2025-07-20T00:13:22.568239" elapsed="0.000039"/>
</continue>
<status status="NOT RUN" start="2025-07-20T00:13:22.568062" elapsed="0.000234"/>
</branch>
<status status="NOT RUN" start="2025-07-20T00:13:22.568054" elapsed="0.000258"/>
</if>
<kw name="Fill Text" owner="Browser">
<arg>css=input[type="tel"]</arg>
<arg>0923894965</arg>
<tag>PageContent</tag>
<tag>Setter</tag>
<doc>Clears and fills the given ``txt`` into the text field found by ``selector``.</doc>
<status status="NOT RUN" start="2025-07-20T00:13:22.568358" elapsed="0.000043"/>
</kw>
<kw name="Run Keyword And Ignore Error" owner="BuiltIn">
<arg>Browser.Click</arg>
<arg>text=ยอมรับ / ACCEPT</arg>
<doc>Runs the given keyword with the given arguments and ignores possible error.</doc>
<status status="NOT RUN" start="2025-07-20T00:13:22.568460" elapsed="0.000040"/>
</kw>
<kw name="Get Element States" owner="Browser">
<var>${btn_states}</var>
<arg>${BOOKING_BUTTON2}</arg>
<tag>Assertion</tag>
<tag>Getter</tag>
<tag>PageContent</tag>
<doc>Get the active states from the element found by ``selector``.</doc>
<status status="NOT RUN" start="2025-07-20T00:13:22.568562" elapsed="0.000151"/>
</kw>
<if>
<branch type="IF" condition="&quot;visible&quot; in ${btn_states}">
<kw name="Click" owner="Browser">
<arg>${BOOKING_BUTTON2}</arg>
<tag>PageContent</tag>
<tag>Setter</tag>
<doc>Simulates mouse click on the element found by ``selector``.</doc>
<status status="NOT RUN" start="2025-07-20T00:13:22.568843" elapsed="0.000041"/>
</kw>
<status status="NOT RUN" start="2025-07-20T00:13:22.568759" elapsed="0.000149"/>
</branch>
<branch type="ELSE">
<kw name="Log To Console" owner="BuiltIn">
<arg>⛔ Booking skipped for ${day_str} — no slot available</arg>
<doc>Logs the given message to the console.</doc>
<status status="NOT RUN" start="2025-07-20T00:13:22.568995" elapsed="0.000040"/>
</kw>
<status status="NOT RUN" start="2025-07-20T00:13:22.568926" elapsed="0.000129"/>
</branch>
<status status="NOT RUN" start="2025-07-20T00:13:22.568751" elapsed="0.000334"/>
</if>
<kw name="Wait For Elements State" owner="Browser">
<arg>${BOOKING_CONFIRMATION}</arg>
<arg>visible</arg>
<arg>timeout=20s</arg>
<tag>PageContent</tag>
<tag>Wait</tag>
<doc>Waits for the element found by ``selector`` to satisfy state option.</doc>
<status status="NOT RUN" start="2025-07-20T00:13:22.569128" elapsed="0.000126"/>
</kw>
<kw name="Click" owner="Browser">
<arg>${BOOKING_CONFIRMATION}</arg>
<tag>PageContent</tag>
<tag>Setter</tag>
<doc>Simulates mouse click on the element found by ``selector``.</doc>
<status status="NOT RUN" start="2025-07-20T00:13:22.569352" elapsed="0.000058"/>
</kw>
<kw name="Wait For Elements State" owner="Browser">
<arg>xpath=//span[normalize-space(text())="Waiting for confirmation"]</arg>
<arg>visible</arg>
<arg>timeout=10s</arg>
<tag>PageContent</tag>
<tag>Wait</tag>
<doc>Waits for the element found by ``selector`` to satisfy state option.</doc>
<status status="NOT RUN" start="2025-07-20T00:13:22.569496" elapsed="0.000107"/>
</kw>
<kw name="Log To Console" owner="BuiltIn">
<arg>🎉 Booking confirmed for ${day_str} at ${BOOKING_TIME}</arg>
<doc>Logs the given message to the console.</doc>
<status status="NOT RUN" start="2025-07-20T00:13:22.569687" elapsed="0.000060"/>
</kw>
<kw name="Wait For Elements State" owner="Browser">
<arg>${BOOKING_BACK_BUTTON}</arg>
<arg>visible</arg>
<arg>timeout=20s</arg>
<tag>PageContent</tag>
<tag>Wait</tag>
<doc>Waits for the element found by ``selector`` to satisfy state option.</doc>
<status status="NOT RUN" start="2025-07-20T00:13:22.569812" elapsed="0.000053"/>
</kw>
<kw name="Click" owner="Browser">
<arg>${BOOKING_BACK_BUTTON}</arg>
<tag>PageContent</tag>
<tag>Setter</tag>
<doc>Simulates mouse click on the element found by ``selector``.</doc>
<status status="NOT RUN" start="2025-07-20T00:13:22.569924" elapsed="0.000046"/>
</kw>
<var name="${day}">11</var>
<status status="PASS" start="2025-07-20T00:13:21.266362" elapsed="1.303634"/>
</iter>
<iter>
<kw name="Evaluate" owner="BuiltIn">
<msg time="2025-07-20T00:13:22.570433" level="INFO">${day_str} = 12</msg>
<var>${day_str}</var>
<arg>str(int(${day}))</arg>
<doc>Evaluates the given expression in Python and returns the result.</doc>
<status status="PASS" start="2025-07-20T00:13:22.570234" elapsed="0.000217"/>
</kw>
<kw name="Log To Console" owner="BuiltIn">
<arg>📆 Trying day: ${day_str}</arg>
<doc>Logs the given message to the console.</doc>
<status status="PASS" start="2025-07-20T00:13:22.570510" elapsed="0.000304"/>
</kw>
<kw name="Click" owner="Browser">
<msg time="2025-07-20T00:13:22.571251" level="INFO">Clicks the element '//*[@id="card-branch"]/div/div/div/div[2]/div/div/div/div[2]/div/div/div'.</msg>
<arg>${TENNIS_RADIO_BUTTON}</arg>
<tag>PageContent</tag>
<tag>Setter</tag>
<doc>Simulates mouse click on the element found by ``selector``.</doc>
<status status="PASS" start="2025-07-20T00:13:22.570901" elapsed="0.015855"/>
</kw>
<kw name="Evaluate" owner="BuiltIn">
<msg time="2025-07-20T00:13:22.587583" level="INFO">${is_daytime} = False</msg>
<var>${is_daytime}</var>
<arg>datetime.datetime.strptime('${DAYTIME_BOOKING_START}', '%H:%M') &lt;= datetime.datetime.strptime('${BOOKING_TIME}', '%H:%M') &lt;= datetime.datetime.strptime('${DAYTIME_BOOKING_END}', '%H:%M')</arg>
<arg>modules=datetime</arg>
<doc>Evaluates the given expression in Python and returns the result.</doc>
<status status="PASS" start="2025-07-20T00:13:22.587037" elapsed="0.000570"/>
</kw>
<kw name="Run Keyword If" owner="BuiltIn">
<kw name="Click" owner="Browser">
<msg time="2025-07-20T00:13:22.588301" level="INFO">Clicks the element '//*[@id="card-activity"]/div/div/div/div[2]/div/div/div/div/div[2]/div/div/div'.</msg>
<arg>${NIGHTTIME_BOOKING_RADIOBTN}</arg>
<tag>PageContent</tag>
<tag>Setter</tag>
<doc>Simulates mouse click on the element found by ``selector``.</doc>
<status status="PASS" start="2025-07-20T00:13:22.587909" elapsed="0.015764"/>
</kw>
<arg>${is_daytime}</arg>
<arg>Browser.Click</arg>
<arg>${DAYTIME_BOOKING_RADIOBTN}</arg>
<arg>ELSE</arg>
<arg>Browser.Click</arg>
<arg>${NIGHTTIME_BOOKING_RADIOBTN}</arg>
<doc>Runs the given keyword with the given arguments, if ``condition`` is true.</doc>
<status status="PASS" start="2025-07-20T00:13:22.587702" elapsed="0.016042"/>
</kw>
<kw name="Sleep" owner="BuiltIn">
<msg time="2025-07-20T00:13:23.604254" level="INFO">Slept 1 second.</msg>
<arg>1s</arg>
<doc>Pauses the test executed for the given time.</doc>
<status status="PASS" start="2025-07-20T00:13:22.603841" elapsed="1.000487"/>
</kw>
<kw name="Set Variable" owner="BuiltIn">
<msg time="2025-07-20T00:13:23.604681" level="INFO">${date_xpath} = //button[not(@disabled) and not(contains(@class,"v-btn--disabled")) and .//div[normalize-space(text())="12"]]</msg>
<var>${date_xpath}</var>
<arg>//button[not(@disabled) and not(contains(@class,"v-btn--disabled")) and .//div[normalize-space(text())="${day_str}"]]</arg>
<doc>Returns the given values which can then be assigned to a variables.</doc>
<status status="PASS" start="2025-07-20T00:13:23.604438" elapsed="0.000260"/>
</kw>
<kw name="Get Element States" owner="Browser">
<msg time="2025-07-20T00:13:23.864083" level="INFO">States are: ['detached']</msg>
<msg time="2025-07-20T00:13:23.864171" level="INFO">${date_states} = ['detached']</msg>
<var>${date_states}</var>
<arg>${date_xpath}</arg>
<tag>Assertion</tag>
<tag>Getter</tag>
<tag>PageContent</tag>
<doc>Get the active states from the element found by ``selector``.</doc>
<status status="PASS" start="2025-07-20T00:13:23.604775" elapsed="0.259418"/>
</kw>
<kw name="Log To Console" owner="BuiltIn">
<arg>✅ States for ${day_str}: ${date_states}</arg>
<doc>Logs the given message to the console.</doc>
<status status="PASS" start="2025-07-20T00:13:23.864303" elapsed="0.000339"/>
</kw>
<if>
<branch type="IF" condition="&quot;visible&quot; in ${date_states}">
<kw name="Click" owner="Browser">
<arg>${date_xpath}</arg>
<tag>PageContent</tag>
<tag>Setter</tag>
<doc>Simulates mouse click on the element found by ``selector``.</doc>
<status status="NOT RUN" start="2025-07-20T00:13:23.864893" elapsed="0.000056"/>
</kw>
<status status="NOT RUN" start="2025-07-20T00:13:23.864707" elapsed="0.000273"/>
</branch>
<branch type="ELSE">
<kw name="Log To Console" owner="BuiltIn">
<arg>⏭ Day ${day_str} is not clickable, skipping</arg>
<doc>Logs the given message to the console.</doc>
<status status="PASS" start="2025-07-20T00:13:23.865096" elapsed="0.000187"/>
</kw>
<continue>
<status status="PASS" start="2025-07-20T00:13:23.865320" elapsed="0.000067"/>
</continue>
<status status="PASS" start="2025-07-20T00:13:23.865004" elapsed="0.000405"/>
</branch>
<status status="PASS" start="2025-07-20T00:13:23.864692" elapsed="0.000734"/>
</if>
<kw name="Click Time Slot If Available" owner="PrinceOfTennis_keywords">
<var>${slot_available}</var>
<arg>${BOOKING_TIME}</arg>
<status status="NOT RUN" start="2025-07-20T00:13:23.865528" elapsed="0.000051"/>
</kw>
<if>
<branch type="IF" condition="not ${slot_available}">
<kw name="Log To Console" owner="BuiltIn">
<arg>⛔ Booking skipped for ${day_str} — no slot available</arg>
<doc>Logs the given message to the console.</doc>
<status status="NOT RUN" start="2025-07-20T00:13:23.865711" elapsed="0.000043"/>
</kw>
<continue>
<status status="NOT RUN" start="2025-07-20T00:13:23.865781" elapsed="0.000036"/>
</continue>
<status status="NOT RUN" start="2025-07-20T00:13:23.865631" elapsed="0.000204"/>
</branch>
<status status="NOT RUN" start="2025-07-20T00:13:23.865622" elapsed="0.000229"/>
</if>
<kw name="Fill Text" owner="Browser">
<arg>css=input[type="tel"]</arg>
<arg>0923894965</arg>
<tag>PageContent</tag>
<tag>Setter</tag>
<doc>Clears and fills the given ``txt`` into the text field found by ``selector``.</doc>
<status status="NOT RUN" start="2025-07-20T00:13:23.865895" elapsed="0.000047"/>
</kw>
<kw name="Run Keyword And Ignore Error" owner="BuiltIn">
<arg>Browser.Click</arg>
<arg>text=ยอมรับ / ACCEPT</arg>
<doc>Runs the given keyword with the given arguments and ignores possible error.</doc>
<status status="NOT RUN" start="2025-07-20T00:13:23.866002" elapsed="0.000055"/>
</kw>
<kw name="Get Element States" owner="Browser">
<var>${btn_states}</var>
<arg>${BOOKING_BUTTON2}</arg>
<tag>Assertion</tag>
<tag>Getter</tag>
<tag>PageContent</tag>
<doc>Get the active states from the element found by ``selector``.</doc>
<status status="NOT RUN" start="2025-07-20T00:13:23.866113" elapsed="0.000041"/>
</kw>
<if>
<branch type="IF" condition="&quot;visible&quot; in ${btn_states}">
<kw name="Click" owner="Browser">
<arg>${BOOKING_BUTTON2}</arg>
<tag>PageContent</tag>
<tag>Setter</tag>
<doc>Simulates mouse click on the element found by ``selector``.</doc>
<status status="NOT RUN" start="2025-07-20T00:13:23.866288" elapsed="0.000041"/>
</kw>
<status status="NOT RUN" start="2025-07-20T00:13:23.866210" elapsed="0.000143"/>
</branch>
<branch type="ELSE">
<kw name="Log To Console" owner="BuiltIn">
<arg>⛔ Booking skipped for ${day_str} — no slot available</arg>
<doc>Logs the given message to the console.</doc>
<status status="NOT RUN" start="2025-07-20T00:13:23.866441" elapsed="0.000050"/>
</kw>
<status status="NOT RUN" start="2025-07-20T00:13:23.866371" elapsed="0.000144"/>
</branch>
<status status="NOT RUN" start="2025-07-20T00:13:23.866201" elapsed="0.000330"/>
</if>
<kw name="Wait For Elements State" owner="Browser">
<arg>${BOOKING_CONFIRMATION}</arg>
<arg>visible</arg>
<arg>timeout=20s</arg>
<tag>PageContent</tag>
<tag>Wait</tag>
<doc>Waits for the element found by ``selector`` to satisfy state option.</doc>
<status status="NOT RUN" start="2025-07-20T00:13:23.866571" elapsed="0.000041"/>
</kw>
<kw name="Click" owner="Browser">
<arg>${BOOKING_CONFIRMATION}</arg>
<tag>PageContent</tag>
<tag>Setter</tag>
<doc>Simulates mouse click on the element found by ``selector``.</doc>
<status status="NOT RUN" start="2025-07-20T00:13:23.866661" elapsed="0.000038"/>
</kw>
<kw name="Wait For Elements State" owner="Browser">
<arg>xpath=//span[normalize-space(text())="Waiting for confirmation"]</arg>
<arg>visible</arg>
<arg>timeout=10s</arg>
<tag>PageContent</tag>
<tag>Wait</tag>
<doc>Waits for the element found by ``selector`` to satisfy state option.</doc>
<status status="NOT RUN" start="2025-07-20T00:13:23.866747" elapsed="0.000038"/>
</kw>
<kw name="Log To Console" owner="BuiltIn">
<arg>🎉 Booking confirmed for ${day_str} at ${BOOKING_TIME}</arg>
<doc>Logs the given message to the console.</doc>
<status status="NOT RUN" start="2025-07-20T00:13:23.866861" elapsed="0.000055"/>
</kw>
<kw name="Wait For Elements State" owner="Browser">
<arg>${BOOKING_BACK_BUTTON}</arg>
<arg>visible</arg>
<arg>timeout=20s</arg>
<tag>PageContent</tag>
<tag>Wait</tag>
<doc>Waits for the element found by ``selector`` to satisfy state option.</doc>
<status status="NOT RUN" start="2025-07-20T00:13:23.866970" elapsed="0.000045"/>
</kw>
<kw name="Click" owner="Browser">
<arg>${BOOKING_BACK_BUTTON}</arg>
<tag>PageContent</tag>
<tag>Setter</tag>
<doc>Simulates mouse click on the element found by ``selector``.</doc>
<status status="NOT RUN" start="2025-07-20T00:13:23.867067" elapsed="0.000041"/>
</kw>
<var name="${day}">12</var>
<status status="PASS" start="2025-07-20T00:13:22.570152" elapsed="1.296980"/>
</iter>
<iter>
<kw name="Evaluate" owner="BuiltIn">
<msg time="2025-07-20T00:13:23.867734" level="INFO">${day_str} = 13</msg>
<var>${day_str}</var>
<arg>str(int(${day}))</arg>
<doc>Evaluates the given expression in Python and returns the result.</doc>
<status status="PASS" start="2025-07-20T00:13:23.867551" elapsed="0.000202"/>
</kw>
<kw name="Log To Console" owner="BuiltIn">
<arg>📆 Trying day: ${day_str}</arg>
<doc>Logs the given message to the console.</doc>
<status status="PASS" start="2025-07-20T00:13:23.867820" elapsed="0.000194"/>
</kw>
<kw name="Click" owner="Browser">
<msg time="2025-07-20T00:13:23.868548" level="INFO">Clicks the element '//*[@id="card-branch"]/div/div/div/div[2]/div/div/div/div[2]/div/div/div'.</msg>
<arg>${TENNIS_RADIO_BUTTON}</arg>
<tag>PageContent</tag>
<tag>Setter</tag>
<doc>Simulates mouse click on the element found by ``selector``.</doc>
<status status="PASS" start="2025-07-20T00:13:23.868170" elapsed="0.017355"/>
</kw>
<kw name="Evaluate" owner="BuiltIn">
<msg time="2025-07-20T00:13:23.886119" level="INFO">${is_daytime} = False</msg>
<var>${is_daytime}</var>
<arg>datetime.datetime.strptime('${DAYTIME_BOOKING_START}', '%H:%M') &lt;= datetime.datetime.strptime('${BOOKING_TIME}', '%H:%M') &lt;= datetime.datetime.strptime('${DAYTIME_BOOKING_END}', '%H:%M')</arg>
<arg>modules=datetime</arg>
<doc>Evaluates the given expression in Python and returns the result.</doc>
<status status="PASS" start="2025-07-20T00:13:23.885659" elapsed="0.000483"/>
</kw>
<kw name="Run Keyword If" owner="BuiltIn">
<kw name="Click" owner="Browser">
<msg time="2025-07-20T00:13:23.886982" level="INFO">Clicks the element '//*[@id="card-activity"]/div/div/div/div[2]/div/div/div/div/div[2]/div/div/div'.</msg>
<arg>${NIGHTTIME_BOOKING_RADIOBTN}</arg>
<tag>PageContent</tag>
<tag>Setter</tag>
<doc>Simulates mouse click on the element found by ``selector``.</doc>
<status status="PASS" start="2025-07-20T00:13:23.886538" elapsed="0.016291"/>
</kw>
<arg>${is_daytime}</arg>
<arg>Browser.Click</arg>
<arg>${DAYTIME_BOOKING_RADIOBTN}</arg>
<arg>ELSE</arg>
<arg>Browser.Click</arg>
<arg>${NIGHTTIME_BOOKING_RADIOBTN}</arg>
<doc>Runs the given keyword with the given arguments, if ``condition`` is true.</doc>
<status status="PASS" start="2025-07-20T00:13:23.886257" elapsed="0.016641"/>
</kw>
<kw name="Sleep" owner="BuiltIn">
<msg time="2025-07-20T00:13:24.903310" level="INFO">Slept 1 second.</msg>
<arg>1s</arg>
<doc>Pauses the test executed for the given time.</doc>
<status status="PASS" start="2025-07-20T00:13:23.902986" elapsed="1.000398"/>
</kw>
<kw name="Set Variable" owner="BuiltIn">
<msg time="2025-07-20T00:13:24.903740" level="INFO">${date_xpath} = //button[not(@disabled) and not(contains(@class,"v-btn--disabled")) and .//div[normalize-space(text())="13"]]</msg>
<var>${date_xpath}</var>
<arg>//button[not(@disabled) and not(contains(@class,"v-btn--disabled")) and .//div[normalize-space(text())="${day_str}"]]</arg>
<doc>Returns the given values which can then be assigned to a variables.</doc>
<status status="PASS" start="2025-07-20T00:13:24.903496" elapsed="0.000261"/>
</kw>
<kw name="Get Element States" owner="Browser">
<msg time="2025-07-20T00:13:25.155846" level="INFO">States are: ['detached']</msg>
<msg time="2025-07-20T00:13:25.155937" level="INFO">${date_states} = ['detached']</msg>
<var>${date_states}</var>
<arg>${date_xpath}</arg>
<tag>Assertion</tag>
<tag>Getter</tag>
<tag>PageContent</tag>
<doc>Get the active states from the element found by ``selector``.</doc>
<status status="PASS" start="2025-07-20T00:13:24.903831" elapsed="0.252121"/>
</kw>
<kw name="Log To Console" owner="BuiltIn">
<arg>✅ States for ${day_str}: ${date_states}</arg>
<doc>Logs the given message to the console.</doc>
<status status="PASS" start="2025-07-20T00:13:25.156062" elapsed="0.000312"/>
</kw>
<if>
<branch type="IF" condition="&quot;visible&quot; in ${date_states}">
<kw name="Click" owner="Browser">
<arg>${date_xpath}</arg>
<tag>PageContent</tag>
<tag>Setter</tag>
<doc>Simulates mouse click on the element found by ``selector``.</doc>
<status status="NOT RUN" start="2025-07-20T00:13:25.156644" elapsed="0.000056"/>
</kw>
<status status="NOT RUN" start="2025-07-20T00:13:25.156443" elapsed="0.000287"/>
</branch>
<branch type="ELSE">
<kw name="Log To Console" owner="BuiltIn">
<arg>⏭ Day ${day_str} is not clickable, skipping</arg>
<doc>Logs the given message to the console.</doc>
<status status="PASS" start="2025-07-20T00:13:25.156835" elapsed="0.000182"/>
</kw>
<continue>
<status status="PASS" start="2025-07-20T00:13:25.157074" elapsed="0.000099"/>
</continue>
<status status="PASS" start="2025-07-20T00:13:25.156751" elapsed="0.000457"/>
</branch>
<status status="PASS" start="2025-07-20T00:13:25.156428" elapsed="0.000802"/>
</if>
<kw name="Click Time Slot If Available" owner="PrinceOfTennis_keywords">
<var>${slot_available}</var>
<arg>${BOOKING_TIME}</arg>
<status status="NOT RUN" start="2025-07-20T00:13:25.157347" elapsed="0.000066"/>
</kw>
<if>
<branch type="IF" condition="not ${slot_available}">
<kw name="Log To Console" owner="BuiltIn">
<arg>⛔ Booking skipped for ${day_str} — no slot available</arg>
<doc>Logs the given message to the console.</doc>
<status status="NOT RUN" start="2025-07-20T00:13:25.157543" elapsed="0.000046"/>
</kw>
<continue>
<status status="NOT RUN" start="2025-07-20T00:13:25.157624" elapsed="0.000042"/>
</continue>
<status status="NOT RUN" start="2025-07-20T00:13:25.157455" elapsed="0.000229"/>
</branch>
<status status="NOT RUN" start="2025-07-20T00:13:25.157446" elapsed="0.000255"/>
</if>
<kw name="Fill Text" owner="Browser">
<arg>css=input[type="tel"]</arg>
<arg>0923894965</arg>
<tag>PageContent</tag>
<tag>Setter</tag>
<doc>Clears and fills the given ``txt`` into the text field found by ``selector``.</doc>
<status status="NOT RUN" start="2025-07-20T00:13:25.157756" elapsed="0.000045"/>
</kw>
<kw name="Run Keyword And Ignore Error" owner="BuiltIn">
<arg>Browser.Click</arg>
<arg>text=ยอมรับ / ACCEPT</arg>
<doc>Runs the given keyword with the given arguments and ignores possible error.</doc>
<status status="NOT RUN" start="2025-07-20T00:13:25.157860" elapsed="0.000042"/>
</kw>
<kw name="Get Element States" owner="Browser">
<var>${btn_states}</var>
<arg>${BOOKING_BUTTON2}</arg>
<tag>Assertion</tag>
<tag>Getter</tag>
<tag>PageContent</tag>
<doc>Get the active states from the element found by ``selector``.</doc>
<status status="NOT RUN" start="2025-07-20T00:13:25.157957" elapsed="0.000041"/>
</kw>
<if>
<branch type="IF" condition="&quot;visible&quot; in ${btn_states}">
<kw name="Click" owner="Browser">
<arg>${BOOKING_BUTTON2}</arg>
<tag>PageContent</tag>
<tag>Setter</tag>
<doc>Simulates mouse click on the element found by ``selector``.</doc>
<status status="NOT RUN" start="2025-07-20T00:13:25.158122" elapsed="0.000040"/>
</kw>
<status status="NOT RUN" start="2025-07-20T00:13:25.158045" elapsed="0.000166"/>
</branch>
<branch type="ELSE">
<kw name="Log To Console" owner="BuiltIn">
<arg>⛔ Booking skipped for ${day_str} — no slot available</arg>
<doc>Logs the given message to the console.</doc>
<status status="NOT RUN" start="2025-07-20T00:13:25.158313" elapsed="0.000044"/>
</kw>
<status status="NOT RUN" start="2025-07-20T00:13:25.158231" elapsed="0.000150"/>
</branch>
<status status="NOT RUN" start="2025-07-20T00:13:25.158031" elapsed="0.000366"/>
</if>
<kw name="Wait For Elements State" owner="Browser">
<arg>${BOOKING_CONFIRMATION}</arg>
<arg>visible</arg>
<arg>timeout=20s</arg>
<tag>PageContent</tag>
<tag>Wait</tag>
<doc>Waits for the element found by ``selector`` to satisfy state option.</doc>
<status status="NOT RUN" start="2025-07-20T00:13:25.158441" elapsed="0.000052"/>
</kw>
<kw name="Click" owner="Browser">
<arg>${BOOKING_CONFIRMATION}</arg>
<tag>PageContent</tag>
<tag>Setter</tag>
<doc>Simulates mouse click on the element found by ``selector``.</doc>
<status status="NOT RUN" start="2025-07-20T00:13:25.158549" elapsed="0.000041"/>
</kw>
<kw name="Wait For Elements State" owner="Browser">
<arg>xpath=//span[normalize-space(text())="Waiting for confirmation"]</arg>
<arg>visible</arg>
<arg>timeout=10s</arg>
<tag>PageContent</tag>
<tag>Wait</tag>
<doc>Waits for the element found by ``selector`` to satisfy state option.</doc>
<status status="NOT RUN" start="2025-07-20T00:13:25.158641" elapsed="0.000040"/>
</kw>
<kw name="Log To Console" owner="BuiltIn">
<arg>🎉 Booking confirmed for ${day_str} at ${BOOKING_TIME}</arg>
<doc>Logs the given message to the console.</doc>
<status status="NOT RUN" start="2025-07-20T00:13:25.158732" elapsed="0.000039"/>
</kw>
<kw name="Wait For Elements State" owner="Browser">
<arg>${BOOKING_BACK_BUTTON}</arg>
<arg>visible</arg>
<arg>timeout=20s</arg>
<tag>PageContent</tag>
<tag>Wait</tag>
<doc>Waits for the element found by ``selector`` to satisfy state option.</doc>
<status status="NOT RUN" start="2025-07-20T00:13:25.158819" elapsed="0.000043"/>
</kw>
<kw name="Click" owner="Browser">
<arg>${BOOKING_BACK_BUTTON}</arg>
<tag>PageContent</tag>
<tag>Setter</tag>
<doc>Simulates mouse click on the element found by ``selector``.</doc>
<status status="NOT RUN" start="2025-07-20T00:13:25.158919" elapsed="0.000043"/>
</kw>
<var name="${day}">13</var>
<status status="PASS" start="2025-07-20T00:13:23.867323" elapsed="1.291663"/>
</iter>
<iter>
<kw name="Evaluate" owner="BuiltIn">
<msg time="2025-07-20T00:13:25.159368" level="INFO">${day_str} = 14</msg>
<var>${day_str}</var>
<arg>str(int(${day}))</arg>
<doc>Evaluates the given expression in Python and returns the result.</doc>
<status status="PASS" start="2025-07-20T00:13:25.159212" elapsed="0.000173"/>
</kw>
<kw name="Log To Console" owner="BuiltIn">
<arg>📆 Trying day: ${day_str}</arg>
<doc>Logs the given message to the console.</doc>
<status status="PASS" start="2025-07-20T00:13:25.159442" elapsed="0.000200"/>
</kw>
<kw name="Click" owner="Browser">
<msg time="2025-07-20T00:13:25.159960" level="INFO">Clicks the element '//*[@id="card-branch"]/div/div/div/div[2]/div/div/div/div[2]/div/div/div'.</msg>
<arg>${TENNIS_RADIO_BUTTON}</arg>
<tag>PageContent</tag>
<tag>Setter</tag>
<doc>Simulates mouse click on the element found by ``selector``.</doc>
<status status="PASS" start="2025-07-20T00:13:25.159703" elapsed="0.010721"/>
</kw>
<kw name="Evaluate" owner="BuiltIn">
<msg time="2025-07-20T00:13:25.171007" level="INFO">${is_daytime} = False</msg>
<var>${is_daytime}</var>
<arg>datetime.datetime.strptime('${DAYTIME_BOOKING_START}', '%H:%M') &lt;= datetime.datetime.strptime('${BOOKING_TIME}', '%H:%M') &lt;= datetime.datetime.strptime('${DAYTIME_BOOKING_END}', '%H:%M')</arg>
<arg>modules=datetime</arg>
<doc>Evaluates the given expression in Python and returns the result.</doc>
<status status="PASS" start="2025-07-20T00:13:25.170553" elapsed="0.000479"/>
</kw>
<kw name="Run Keyword If" owner="BuiltIn">
<kw name="Click" owner="Browser">
<msg time="2025-07-20T00:13:25.171624" level="INFO">Clicks the element '//*[@id="card-activity"]/div/div/div/div[2]/div/div/div/div/div[2]/div/div/div'.</msg>
<arg>${NIGHTTIME_BOOKING_RADIOBTN}</arg>
<tag>PageContent</tag>
<tag>Setter</tag>
<doc>Simulates mouse click on the element found by ``selector``.</doc>
<status status="PASS" start="2025-07-20T00:13:25.171348" elapsed="0.018165"/>
</kw>
<arg>${is_daytime}</arg>
<arg>Browser.Click</arg>
<arg>${DAYTIME_BOOKING_RADIOBTN}</arg>
<arg>ELSE</arg>
<arg>Browser.Click</arg>
<arg>${NIGHTTIME_BOOKING_RADIOBTN}</arg>
<doc>Runs the given keyword with the given arguments, if ``condition`` is true.</doc>
<status status="PASS" start="2025-07-20T00:13:25.171148" elapsed="0.018466"/>
</kw>
<kw name="Sleep" owner="BuiltIn">
<arg>1s</arg>
<doc>Pauses the test executed for the given time.</doc>
<status status="FAIL" start="2025-07-20T00:13:25.189731" elapsed="0.813206">Execution terminated by signal</status>
</kw>
<kw name="Set Variable" owner="BuiltIn">
<var>${date_xpath}</var>
<arg>//button[not(@disabled) and not(contains(@class,"v-btn--disabled")) and .//div[normalize-space(text())="${day_str}"]]</arg>
<doc>Returns the given values which can then be assigned to a variables.</doc>
<status status="NOT RUN" start="2025-07-20T00:13:26.003092" elapsed="0.000140"/>
</kw>
<kw name="Get Element States" owner="Browser">
<var>${date_states}</var>
<arg>${date_xpath}</arg>
<tag>Assertion</tag>
<tag>Getter</tag>
<tag>PageContent</tag>
<doc>Get the active states from the element found by ``selector``.</doc>
<status status="NOT RUN" start="2025-07-20T00:13:26.003316" elapsed="0.000106"/>
</kw>
<kw name="Log To Console" owner="BuiltIn">
<arg>✅ States for ${day_str}: ${date_states}</arg>
<doc>Logs the given message to the console.</doc>
<status status="NOT RUN" start="2025-07-20T00:13:26.003504" elapsed="0.000063"/>
</kw>
<if>
<branch type="IF" condition="&quot;visible&quot; in ${date_states}">
<kw name="Click" owner="Browser">
<arg>${date_xpath}</arg>
<tag>PageContent</tag>
<tag>Setter</tag>
<doc>Simulates mouse click on the element found by ``selector``.</doc>
<status status="NOT RUN" start="2025-07-20T00:13:26.003729" elapsed="0.000047"/>
</kw>
<status status="NOT RUN" start="2025-07-20T00:13:26.003629" elapsed="0.000174"/>
</branch>
<branch type="ELSE">
<kw name="Log To Console" owner="BuiltIn">
<arg>⏭ Day ${day_str} is not clickable, skipping</arg>
<doc>Logs the given message to the console.</doc>
<status status="NOT RUN" start="2025-07-20T00:13:26.004004" elapsed="0.000091"/>
</kw>
<continue>
<status status="NOT RUN" start="2025-07-20T00:13:26.004139" elapsed="0.000057"/>
</continue>
<status status="NOT RUN" start="2025-07-20T00:13:26.003839" elapsed="0.000381"/>
</branch>
<status status="NOT RUN" start="2025-07-20T00:13:26.003608" elapsed="0.000631"/>
</if>
<kw name="Click Time Slot If Available" owner="PrinceOfTennis_keywords">
<var>${slot_available}</var>
<arg>${BOOKING_TIME}</arg>
<status status="NOT RUN" start="2025-07-20T00:13:26.004930" elapsed="0.000097"/>
</kw>
<if>
<branch type="IF" condition="not ${slot_available}">
<kw name="Log To Console" owner="BuiltIn">
<arg>⛔ Booking skipped for ${day_str} — no slot available</arg>
<doc>Logs the given message to the console.</doc>
<status status="NOT RUN" start="2025-07-20T00:13:26.005256" elapsed="0.000090"/>
</kw>
<continue>
<status status="NOT RUN" start="2025-07-20T00:13:26.005386" elapsed="0.000067"/>
</continue>
<status status="NOT RUN" start="2025-07-20T00:13:26.005102" elapsed="0.000372"/>
</branch>
<status status="NOT RUN" start="2025-07-20T00:13:26.005082" elapsed="0.000477"/>
</if>
<kw name="Fill Text" owner="Browser">
<arg>css=input[type="tel"]</arg>
<arg>0923894965</arg>
<tag>PageContent</tag>
<tag>Setter</tag>
<doc>Clears and fills the given ``txt`` into the text field found by ``selector``.</doc>
<status status="NOT RUN" start="2025-07-20T00:13:26.005628" elapsed="0.000116"/>
</kw>
<kw name="Run Keyword And Ignore Error" owner="BuiltIn">
<arg>Browser.Click</arg>
<arg>text=ยอมรับ / ACCEPT</arg>
<doc>Runs the given keyword with the given arguments and ignores possible error.</doc>
<status status="NOT RUN" start="2025-07-20T00:13:26.005930" elapsed="0.000085"/>
</kw>
<kw name="Get Element States" owner="Browser">
<var>${btn_states}</var>
<arg>${BOOKING_BUTTON2}</arg>
<tag>Assertion</tag>
<tag>Getter</tag>
<tag>PageContent</tag>
<doc>Get the active states from the element found by ``selector``.</doc>
<status status="NOT RUN" start="2025-07-20T00:13:26.006093" elapsed="0.000056"/>
</kw>
<if>
<branch type="IF" condition="&quot;visible&quot; in ${btn_states}">
<kw name="Click" owner="Browser">
<arg>${BOOKING_BUTTON2}</arg>
<tag>PageContent</tag>
<tag>Setter</tag>
<doc>Simulates mouse click on the element found by ``selector``.</doc>
<status status="NOT RUN" start="2025-07-20T00:13:26.006363" elapsed="0.000056"/>
</kw>
<status status="NOT RUN" start="2025-07-20T00:13:26.006223" elapsed="0.000228"/>
</branch>
<branch type="ELSE">
<kw name="Log To Console" owner="BuiltIn">
<arg>⛔ Booking skipped for ${day_str} — no slot available</arg>
<doc>Logs the given message to the console.</doc>
<status status="NOT RUN" start="2025-07-20T00:13:26.006552" elapsed="0.000056"/>
</kw>
<status status="NOT RUN" start="2025-07-20T00:13:26.006471" elapsed="0.000181"/>
</branch>
<status status="NOT RUN" start="2025-07-20T00:13:26.006199" elapsed="0.000474"/>
</if>
<kw name="Wait For Elements State" owner="Browser">
<arg>${BOOKING_CONFIRMATION}</arg>
<arg>visible</arg>
<arg>timeout=20s</arg>
<tag>PageContent</tag>
<tag>Wait</tag>
<doc>Waits for the element found by ``selector`` to satisfy state option.</doc>
<status status="NOT RUN" start="2025-07-20T00:13:26.006738" elapsed="0.000074"/>
</kw>
<kw name="Click" owner="Browser">
<arg>${BOOKING_CONFIRMATION}</arg>
<tag>PageContent</tag>
<tag>Setter</tag>
<doc>Simulates mouse click on the element found by ``selector``.</doc>
<status status="NOT RUN" start="2025-07-20T00:13:26.006882" elapsed="0.000055"/>
</kw>
<kw name="Wait For Elements State" owner="Browser">
<arg>xpath=//span[normalize-space(text())="Waiting for confirmation"]</arg>
<arg>visible</arg>
<arg>timeout=10s</arg>
<tag>PageContent</tag>
<tag>Wait</tag>
<doc>Waits for the element found by ``selector`` to satisfy state option.</doc>
<status status="NOT RUN" start="2025-07-20T00:13:26.006996" elapsed="0.000048"/>
</kw>
<kw name="Log To Console" owner="BuiltIn">
<arg>🎉 Booking confirmed for ${day_str} at ${BOOKING_TIME}</arg>
<doc>Logs the given message to the console.</doc>
<status status="NOT RUN" start="2025-07-20T00:13:26.007100" elapsed="0.000045"/>
</kw>
<kw name="Wait For Elements State" owner="Browser">
<arg>${BOOKING_BACK_BUTTON}</arg>
<arg>visible</arg>
<arg>timeout=20s</arg>
<tag>PageContent</tag>
<tag>Wait</tag>
<doc>Waits for the element found by ``selector`` to satisfy state option.</doc>
<status status="NOT RUN" start="2025-07-20T00:13:26.007199" elapsed="0.000049"/>
</kw>
<kw name="Click" owner="Browser">
<arg>${BOOKING_BACK_BUTTON}</arg>
<tag>PageContent</tag>
<tag>Setter</tag>
<doc>Simulates mouse click on the element found by ``selector``.</doc>
<status status="NOT RUN" start="2025-07-20T00:13:26.007304" elapsed="0.000043"/>
</kw>
<var name="${day}">14</var>
<status status="FAIL" start="2025-07-20T00:13:25.159135" elapsed="0.848259">Execution terminated by signal</status>
</iter>
<var>${day}</var>
<value>@{day_list}</value>
<status status="FAIL" start="2025-07-20T00:13:15.786564" elapsed="10.220872">Execution terminated by signal</status>
</for>
<arg>@{day_list}</arg>
<status status="FAIL" start="2025-07-20T00:13:15.785744" elapsed="10.221764">Execution terminated by signal</status>
</kw>
<msg time="2025-07-20T00:13:26.016672" level="INFO">Switching context to context=8ff52da3-493a-4b45-ae5e-dce310da27d7 in CURRENT</msg>
<msg time="2025-07-20T00:13:26.018917" level="INFO">Successfully changed active context: context=8ff52da3-493a-4b45-ae5e-dce310da27d7</msg>
<status status="FAIL" start="2025-07-20T00:13:07.868593" elapsed="18.139069">Execution terminated by signal</status>
</test>
<status status="FAIL" start="2025-07-20T00:13:07.740538" elapsed="18.285259"/>
</suite>
<statistics>
<total>
<stat pass="0" fail="1" skip="0">All Tests</stat>
</total>
<tag>
</tag>
<suite>
<stat name="Ace" id="s1" pass="0" fail="1" skip="0">Ace</stat>
</suite>
</statistics>
<errors>
</errors>
</robot>
